              0       XXXXXXXX
              0       00000000
            402       00000000
            513       00000008
            573       00000010
            674       00000018
            775       00000020
            851       00000028
            960       00000030
           1048       00000038
           1136       00000040
           1245       00000048
           1373       00000050
           1482       00000058
           1570       00000060
           1653       00000068
           1736       00000070
           1824       00000078
           1900       00000080
           2009       00000088
           2118       00000090
           2176       00000098
           2232       000000A0
           2320       000000A8
           2429       000000B0
           2505       000000B8
           2849       000000C0
           3193       000000C8
           3302       000000D0
           3526       000000D8
           3635       000000E0
           3859       000000E8
           3967       000000F0
           4043       000000F8
           4152       00000100
           4240       00000108
           4296       00000080
           4405       00000088
           4514       00000090
           4572       00000098
           4630       000000E8
           4738       000000A0
           4826       000000A8
           4935       000000B0
           5011       000000B8
           5349       000000C0
           5687       000000C8
           5796       000000D0
           6080       000000D8
           6189       000000E0
           6473       000000E8
           6581       000000F0
           6657       000000F8
           6766       00000100
           6854       00000108
           6910       00000080
           7019       00000088
           7128       00000090
           7186       00000098
           7242       000000A0
           7330       000000A8
           7439       000000B0
           7515       000000B8
           7859       000000C0
           8203       000000C8
           8312       000000D0
           8614       000000D8
           8723       000000E0
           9025       000000E8
           9133       000000F0
           9209       000000F8
           9318       00000100
           9406       00000108
           9462       00000080
           9571       00000088
           9680       00000090
           9738       00000098
           9796       000000E8
           9904       000000A0
           9992       000000A8
          10101       000000B0
          10177       000000B8
          10515       000000C0
          10853       000000C8
          10962       000000D0
          11264       000000D8
          11373       000000E0
          11675       000000E8
          11783       000000F0
          11859       000000F8
          11968       00000100
          12056       00000108
          12112       00000080
          12221       00000088
          12330       00000090
          12388       00000098
          12444       000000A0
          12532       000000A8
          12641       000000B0
          12717       000000B8
          13061       000000C0
          13405       000000C8
          13514       000000D0
          13804       000000D8
          13913       000000E0
          14203       000000E8
          14311       000000F0
          14387       000000F8
          14496       00000100
          14584       00000108
          14640       00000080
          14749       00000088
          14858       00000090
          14916       00000098
          14974       000000E8
          15082       000000A0
          15170       000000A8
          15279       000000B0
          15355       000000B8
          15693       000000C0
          16031       000000C8
          16140       000000D0
          16442       000000D8
          16551       000000E0
          16853       000000E8
          16961       000000F0
          17037       000000F8
          17146       00000100
          17234       00000108
          17290       00000080
          17399       00000088
          17508       00000090
          17566       00000098
          17622       000000A0
          17710       000000A8
          17819       000000B0
          17895       000000B8
          18239       000000C0
          18583       000000C8
          18692       000000D0
          19000       000000D8
          19109       000000E0
          19417       000000E8
          19525       000000F0
          19601       000000F8
          19710       00000100
          19798       00000108
          19854       00000080
          19963       00000088
          20072       00000090
          20130       00000098
          20188       000000E8
          20296       000000A0
          20384       000000A8
          20493       000000B0
          20569       000000B8
          20907       000000C0
          21245       000000C8
          21354       000000D0
          21644       000000D8
          21753       000000E0
          22043       000000E8
          22151       000000F0
          22227       000000F8
          22336       00000100
          22424       00000108
          22480       00000080
          22589       00000088
          22698       00000090
          22756       00000098
          22812       000000A0
          22900       000000A8
          23009       000000B0
          23085       000000B8
          23429       000000C0
          23773       000000C8
          23882       000000D0
          24172       000000D8
          24281       000000E0
          24571       000000E8
          24679       000000F0
          24755       000000F8
          24864       00000100
          24952       00000108
          25008       00000080
          25117       00000088
          25226       00000090
          25284       00000098
          25342       000000E8
          25450       000000A0
          25538       000000A8
          25647       000000B0
          25723       000000B8
          26061       000000C0
          26399       000000C8
          26508       000000D0
          26804       000000D8
          26913       000000E0
          27209       000000E8
          27317       000000F0
          27393       000000F8
          27502       00000100
          27590       00000108
          27646       00000080
          27755       00000088
          27864       00000090
          27922       00000098
          27978       000000A0
          28066       000000A8
          28175       000000B0
          28251       000000B8
          28595       000000C0
          28939       000000C8
          29048       000000D0
          29332       000000D8
          29441       000000E0
          29725       000000E8
          29833       000000F0
          29909       000000F8
          30018       00000100
          30106       00000108
          30162       00000080
          30271       00000088
          30380       00000090
          30438       00000098
          30496       000000E8
          30604       000000A0
          30692       000000A8
          30801       000000B0
          30877       000000B8
          31215       000000C0
          31553       000000C8
          31662       000000D0
          31946       000000D8
          32055       000000E0
          32339       000000E8
          32447       000000F0
          32523       000000F8
          32632       00000100
          32720       00000108
          32776       00000080
          32885       00000088
          32994       00000090
          33052       00000098
          33108       000000A0
          33196       000000A8
          33305       000000B0
          33381       000000B8
          33725       000000C0
          34069       000000C8
          34178       000000D0
          34456       000000D8
          34565       000000E0
          34843       000000E8
          34951       000000F0
          35027       000000F8
          35136       00000100
          35224       00000108
          35280       00000080
          35389       00000088
          35498       00000090
          35556       00000098
          35614       000000E8
          35722       000000A0
          35810       000000A8
          35919       000000B0
          35995       000000B8
          36333       000000C0
          36671       000000C8
          36780       000000D0
          37052       000000D8
          37161       000000E0
          37433       000000E8
          37541       000000F0
          37617       000000F8
          37726       00000100
          37814       00000108
          37870       00000080
          37979       00000088
          38088       00000090
          38146       00000098
          38202       000000A0
          38290       000000A8
          38399       000000B0
          38475       000000B8
          38819       000000C0
          39163       000000C8
          39272       000000D0
          39550       000000D8
          39659       000000E0
          39937       000000E8
          40045       000000F0
          40121       000000F8
          40230       00000100
          40318       00000108
          40374       00000080
          40483       00000088
          40592       00000090
          40650       00000098
          40708       000000E8
          40816       000000A0
          40904       000000A8
          41013       000000B0
          41089       000000B8
          41427       000000C0
          41765       000000C8
          41874       000000D0
          42164       000000D8
          42273       000000E0
          42563       000000E8
          42671       000000F0
          42747       000000F8
          42856       00000100
          42944       00000108
          43000       00000080
          43109       00000088
          43218       00000090
          43276       00000098
          43332       000000A0
          43420       000000A8
          43529       000000B0
          43605       000000B8
          43949       000000C0
          44293       000000C8
          44402       000000D0
          44692       000000D8
          44801       000000E0
          45091       000000E8
          45199       000000F0
          45275       000000F8
          45384       00000100
          45472       00000108
          45528       00000080
          45637       00000088
          45746       00000090
          45804       00000098
          45862       000000E8
          45970       000000A0
          46058       000000A8
          46167       000000B0
          46243       000000B8
          46581       000000C0
          46919       000000C8
          47028       000000D0
          47312       000000D8
          47421       000000E0
          47705       000000E8
          47813       000000F0
          47889       000000F8
          47998       00000100
          48086       00000108
          48142       00000080
          48251       00000088
          48360       00000090
          48418       00000098
          48474       000000A0
          48562       000000A8
          48671       000000B0
          48747       000000B8
          49091       000000C0
          49435       000000C8
          49544       000000D0
          49822       000000D8
          49931       000000E0
          50209       000000E8
          50317       000000F0
          50393       000000F8
          50502       00000100
          50590       00000108
          50646       00000080
          50755       00000088
          50864       00000090
          50922       00000098
          50980       000000E8
          51088       000000A0
          51176       000000A8
          51285       000000B0
          51361       000000B8
          51699       000000C0
          52037       000000C8
          52146       000000D0
          52418       000000D8
          52527       000000E0
          52799       000000E8
          52907       000000F0
          52983       000000F8
          53092       00000100
          53180       00000108
          53236       00000080
          53345       00000088
          53454       00000090
          53512       00000098
          53568       000000A0
          53656       000000A8
          53765       000000B0
          53841       000000B8
          54185       000000C0
          54529       000000C8
          54638       000000D0
          54904       000000D8
          55013       000000E0
          55279       000000E8
          55387       000000F0
          55463       000000F8
          55572       00000100
          55660       00000108
          55716       00000080
          55825       00000088
          55934       00000090
          55992       00000098
          56050       000000E8
          56158       000000A0
          56246       000000A8
          56355       000000B0
          56431       000000B8
          56769       000000C0
          57107       000000C8
          57216       000000D0
          57476       000000D8
          57585       000000E0
          57845       000000E8
          57953       000000F0
          58029       000000F8
          58138       00000100
          58226       00000108
          58282       00000080
          58391       00000088
          58500       00000090
          58558       00000098
          58614       000000A0
          58702       000000A8
          58811       000000B0
          58887       000000B8
          59231       000000C0
          59575       000000C8
          59684       000000D0
          59950       000000D8
          60059       000000E0
          60325       000000E8
          60433       000000F0
          60509       000000F8
          60618       00000100
          60706       00000108
          60762       00000080
          60871       00000088
          60980       00000090
          61038       00000098
          61096       000000E8
          61204       000000A0
          61292       000000A8
          61401       000000B0
          61477       000000B8
          61815       000000C0
          62153       000000C8
          62262       000000D0
          62510       000000D8
          62619       000000E0
          62867       000000E8
          62975       000000F0
          63051       000000F8
          63160       00000100
          63248       00000108
          63304       00000080
          63413       00000088
          63522       00000090
          63580       00000098
          63636       000000A0
          63724       000000A8
          63833       000000B0
          63909       000000B8
          64253       000000C0
          64597       000000C8
          64706       000000D0
          64954       000000D8
          65063       000000E0
          65311       000000E8
          65419       000000F0
          65495       000000F8
          65604       00000100
          65692       00000108
          65748       00000080
          65857       00000088
          65966       00000090
          66024       00000098
          66082       000000E8
          66190       000000A0
          66278       000000A8
          66387       000000B0
          66463       000000B8
          66801       000000C0
          67139       000000C8
          67248       000000D0
          67484       000000D8
          67593       000000E0
          67829       000000E8
          67937       000000F0
          68013       000000F8
          68122       00000100
          68210       00000108
          68266       00000080
          68375       00000088
          68484       00000090
          68542       00000098
          68598       000000A0
          68686       000000A8
          68795       000000B0
          68871       000000B8
          69215       000000C0
          69559       000000C8
          69668       000000D0
          69898       000000D8
          70007       000000E0
          70237       000000E8
          70345       000000F0
          70421       000000F8
          70530       00000100
          70618       00000108
          70674       00000080
          70783       00000088
          70892       00000090
          70950       00000098
          71008       000000E8
          71116       000000A0
          71204       000000A8
          71313       000000B0
          71389       000000B8
          71727       000000C0
          72065       000000C8
          72174       000000D0
          72398       000000D8
          72507       000000E0
          72731       000000E8
          72839       000000F0
          72915       000000F8
          73024       00000100
          73112       00000108
          73168       00000080
          73277       00000088
          73386       00000090
          73444       00000098
          73500       000000A0
          73588       000000A8
          73697       000000B0
          73773       000000B8
          74117       000000C0
          74461       000000C8
          74570       000000D0
          74794       000000D8
          74903       000000E0
          75127       000000E8
          75235       000000F0
          75311       000000F8
          75420       00000100
          75508       00000108
          75564       00000080
          75673       00000088
          75782       00000090
          75840       00000098
          75898       000000E8
          76006       000000A0
          76094       000000A8
          76203       000000B0
          76279       000000B8
          76617       000000C0
          76955       000000C8
          77064       000000D0
          77282       000000D8
          77391       000000E0
          77609       000000E8
          77717       000000F0
          77793       000000F8
          77902       00000100
          77990       00000108
          78046       00000080
          78155       00000088
          78264       00000090
          78322       00000098
          78378       000000A0
          78466       000000A8
          78575       000000B0
          78651       000000B8
          78995       000000C0
          79339       000000C8
          79448       000000D0
          79672       000000D8
          79781       000000E0
          80005       000000E8
          80113       000000F0
          80189       000000F8
          80298       00000100
          80386       00000108
          80442       00000080
          80551       00000088
          80660       00000090
          80718       00000098
          80776       000000E8
          80884       000000A0
          80972       000000A8
          81081       000000B0
          81157       000000B8
          81495       000000C0
          81833       000000C8
          81942       000000D0
          82166       000000D8
          82275       000000E0
          82499       000000E8
          82607       000000F0
          82683       000000F8
          82792       00000100
          82880       00000108
          82936       00000110
          82971       00000118
          83021       00000118
          83021       00000000
