00000 0000F9D5
00004 0006657D
00008 0007CA1F
0000C 00085F9C
00010 000936B1
00014 000ABC66
00018 000E12CB
0001C 00037494
00020 000E7697
00024 0006C9F4
00028 000FDA82
0002C 00117BB0
00030 0011E454
00034 0005A792
00038 0013416E
0003C 000D3F71
00040 001533E6
00044 00172FEE
00048 00190F10
0004C 00196B10
00050 001ADE07
00054 001200B2
00058 001CF63D
0005C 001D9631
00060 001DDE31
00064 000B544C
00068 001E82A3
0006C 0007627E
00070 0021063C
00074 00041D98
00078 0023E8F9
0007C 00198303
00080 00430546
00084 002126E4
00088 003B2278
0008C 0021A4D9
00090 003C04E5
00094 0021E1B7
00098 0021F50B
0009C 002334DB
000A0 0024DF7C
000A4 0025109E
000A8 0027FADF
000AC 0029C565
000B0 002A3101
000B4 002A401C
000B8 002B5DD1
000BC 002D091B
000C0 0032E70D
000C4 002D8CBA
000C8 002E1E2F
000CC 0032D13C
000D0 0032DA9A
000D4 003661BA
000D8 0037DFF1
000DC 003C9EAA
000E0 003D016A
000E4 003DBC1B
000E8 004A9520
000EC 004583FD
000F0 0045DD5D
000F4 0046B6A6
000F8 00476434
000FC 004B6655
00100 00038BDE
00104 0025CD5C
00108 00167433
0010C 000BA601
00110 003539C9
00114 00319C22
00118 00107585
0011C 0018C257
00120 0000C096
00124 0043EE00
00128 002B4FA9
0012C 00464436
00130 000CED88
00134 001211B2
00138 0015D797
0013C 0015ED58
00140 0042F507
00144 000BED33
00148 0015B516
0014C 003839FB
00150 002B70B2
00154 001AB912
00158 0049EE61
0015C 000CE81C
00160 004B7D48
00164 00175BCC
00168 0004D506
0016C 000D939D
00170 00165E47
00174 00441139
00178 0046C796
0017C 0047B71D
00180 003709AB
00184 0003FB39
00188 00216557
0018C 000FA8DF
00190 002260CE
00194 00138320
00198 0041756F
0019C 00174638
001A0 00176B98
001A4 0030939C
001A8 00045780
001AC 000D444A
001B0 003240F1
001B4 0010E563
001B8 000042F5
001BC 003F2B4E
001C0 002BD604
001C4 0032A333
001C8 0036EE64
001CC 001B7E32
001D0 000E8F71
001D4 00087BCF
001D8 00342088
001DC 003C7796
001E0 002A6C80
001E4 0022615A
001E8 003C656B
001EC 003B25C4
001F0 00330271
001F4 00367437
001F8 000EBB8B
001FC 0040FEDD
00200 001B145D
00204 003CF36C
00208 0015A29D
0020C 00172247
00210 0024BCCC
00214 0023665C
00218 0003274C
0021C 00183A15
00220 000A1AB3
00224 0020F0C5
00228 00251F55
0022C 00153B08
00230 0043292B
00234 0011A9F2
00238 00371596
0023C 0011B96B
00240 0037F8BC
00244 0013A957
00248 002A5EEA
0024C 0016A773
00250 0002368C
00254 002B1093
00258 003F62DB
0025C 0035D444
00260 0035AD8D
00264 002317D5
00268 0026C957
0026C 002C1B8C
00270 00401B57
00274 00108AA1
00278 0047966B
0027C 0047D3C1
00280 002A04AA
00284 001B37E8
00288 003998F7
0028C 0018AA7B
00290 0041C4A0
00294 00008DFD
00298 0033AD80
0029C 000778A5
002A0 0023B950
002A4 0031A50B
002A8 004ADCBD
002AC 00419AB9
002B0 00345C0F
002B4 0011E90F
002B8 002A6CA4
002BC 00233ABE
002C0 00379D03
002C4 0001CB20
002C8 0017AF6C
002CC 00295E28
002D0 003BF0A1
002D4 00086C8B
002D8 001EBA00
002DC 00030E0B
002E0 0044AA82
002E4 0022CB6B
002E8 001E9BDA
002EC 003A41A6
002F0 0004F108
002F4 003D6BB9
002F8 003C4039
002FC 00318F35
00300 004567E3
00304 00488B4F
00308 001058CA
0030C 002D83C8
00310 0041F163
00314 0010B062
00318 001E8777
0031C 004A57D7
00320 001F894D
00324 001928F4
00328 00450155
0032C 0032E6E2
00330 001731CB
00334 0001FA33
00338 0038EB19
0033C 00152880
00340 000B91F3
00344 0044FFC7
00348 0035D520
0034C 00127EC2
00350 00055A26
00354 001F9AB3
00358 001DEFE8
0035C 00471F2D
00360 0006EFB6
00364 003C3ED5
00368 0011A179
0036C 000FE8A0
00370 0010A15C
00374 00247A6D
00378 003871C6
0037C 0025AC6B
00380 0001E951
00384 00244326
00388 003A64F8
0038C 0047394D
00390 00335CCB
00394 001EC09E
00398 003DD895
0039C 00150A6A
003A0 003F36F3
003A4 001FE038
003A8 00312947
003AC 0020DCB3
003B0 00471848
003B4 0010D809
003B8 00269DF3
003BC 0024A8E6
003C0 002E1044
003C4 0029C027
003C8 0033324A
003CC 00274389
003D0 0013DD19
003D4 000887CD
003D8 001A4BD5
003DC 00474BFA
003E0 004AF3EC
003E4 0049F9B8
003E8 003DF0E8
003EC 000630AE
003F0 00217365
003F4 003FF0DA
003F8 000C093D
003FC 000727AE
00400 002A10B1
00404 003F2080
00408 004BB9FF
0040C 00306BE2
00410 002842B8
00414 0007F239
00418 001075B9
0041C 001D18AA
00420 002BED49
00424 0024C105
00428 00401152
0042C 00386A15
00430 00459EE2
00434 001019A3
00438 002A44ED
0043C 0017BFD0
00440 002DC08D
00444 003F8382
00448 0007E5D1
0044C 00226F74
00450 002237DF
00454 003128D2
00458 00456811
0045C 0008DF4D
00460 00200D12
00464 003A68DE
00468 0017BD53
0046C 001B39F0
00470 0030F7C6
00474 002267DA
00478 00460F4E
0047C 0009B94F
00480 00213D54
00484 00068E7A
00488 0024873E
0048C 0035F6AF
00490 001B99DD
00494 0027E002
00498 001C4F84
0049C 001EE1FA
004A0 00190422
004A4 0028A6EA
004A8 000B0D64
004AC 00444D2A
004B0 002096AD
004B4 00116649
004B8 0020E957
004BC 0039374F
004C0 00450614
004C4 004879ED
004C8 001623D6
004CC 002D49D3
004D0 0030247B
004D4 001E72AF
004D8 00413BDF
004DC 002E4CD2
004E0 0034C0F7
004E4 0028C1DB
004E8 004A6C8B
004EC 002B276C
004F0 001F24C6
004F4 0016545E
004F8 000C0F3E
004FC 001CC17B
00500 0012370E
00504 0014F521
00508 00241713
0050C 002BFFDD
00510 0038AF7E
00514 001956F3
00518 004017F2
0051C 0033566D
00520 001FA9F4
00524 004B8841
00528 00457307
0052C 0033D8FC
00530 0024E74E
00534 003EB5D4
00538 002924A4
0053C 00028C16
00540 0005AA4E
00544 000850F9
00548 00004FEF
0054C 0047CE1B
00550 000D3576
00554 000ADDA0
00558 0041FE80
0055C 003E798B
00560 003563ED
00564 002C0E3D
00568 00205553
0056C 00025232
00570 00422B4B
00574 00114960
00578 002FD2C2
0057C 002210ED
00580 00014EFB
00584 002ACE90
00588 004AF01D
0058C 0023CB8B
00590 0011DCF8
00594 0020F459
00598 001DBE8E
0059C 0002E976
005A0 001B61FE
005A4 00119CE5
005A8 003BC831
005AC 0038CA80
005B0 000D8772
005B4 0026E0EB
005B8 0028BFB0
005BC 004171DC
005C0 00355669
005C4 002933DA
005C8 00073D32
005CC 000575E3
005D0 000BAEE7
005D4 00103FA3
005D8 0035FE9D
005DC 00488126
005E0 000D168B
005E4 002E7B2C
005E8 002AA7DF
005EC 00015894
005F0 000C0823
005F4 0008F9E7
005F8 001CDEEA
005FC 0039A7FE
00600 00114769
00604 0029B6D3
00608 003D3A14
0060C 002BA538
00610 002B6A03
00614 00248699
00618 003AF596
0061C 00475D94
00620 003F9502
00624 003B997E
00628 004B8D30
0062C 0018BBFA
00630 001C6D3A
00634 001C9962
00638 0044429F
0063C 00442544
00640 001B04BB
00644 002F738B
00648 001CE064
0064C 00483F44
00650 000FB364
00654 001F3D6C
00658 00392FDA
0065C 00294B79
00660 00214D51
00664 003C621D
00668 002DD783
0066C 0042C577
00670 00309069
00674 002DD2EC
00678 00344C5A
0067C 00103BDD
00680 001D6C94
00684 00480FE5
00688 00329A7D
0068C 0038B42F
00690 00144AE5
00694 00392AB9
00698 003932FF
0069C 001467EB
006A0 00175801
006A4 0010C407
006A8 001DF3EA
006AC 000D5400
006B0 00076D5C
006B4 003F64D1
006B8 0034EA7B
006BC 0022BB08
006C0 0015F327
006C4 0011CD1D
006C8 00047E4E
006CC 0008EA10
006D0 0046D2F6
006D4 00419EDD
006D8 0031F733
006DC 00309799
006E0 0047C901
006E4 00000D6A
006E8 00305CD9
006EC 0045AB01
006F0 000ECCF5
006F4 0021F6AD
006F8 0018E446
006FC 0008FBBC
00700 0007960B
00704 003E2C60
00708 00464AF2
0070C 001BE44C
00710 0011D0C2
00714 003FE6BA
00718 0005ABC3
0071C 001ACF6E
00720 0028F2C2
00724 0021C848
00728 0029082E
0072C 0022D66D
00730 003FA293
00734 003A4781
00738 003338C5
0073C 0029662D
00740 00229F46
00744 0033FAAB
00748 000A502C
0074C 00414FE9
00750 001820BE
00754 003E604E
00758 002CBCC0
0075C 002F0B11
00760 0038510A
00764 001D7AD4
00768 001A629E
0076C 00382B4C
00770 001D0649
00774 00236778
00778 002CB6EB
0077C 00307B0D
00780 000176DB
00784 00300445
00788 00134600
0078C 001A1DB8
00790 00486C19
00794 000A0164
00798 0012EEF1
0079C 0007664F
007A0 00288425
007A4 0044F8B5
007A8 0011CB78
007AC 00484032
007B0 003C5251
007B4 0006C755
007B8 000905C5
007BC 003EF0AE
007C0 0005ADC5
007C4 000F3A3A
007C8 0007A895
007CC 0026DF7C
007D0 0029C70C
007D4 000BB8A8
007D8 0011EF24
007DC 0040BCC6
007E0 000ABBD6
007E4 00343F1B
007E8 003FE8ED
007EC 003BB26F
007F0 002219AA
007F4 002D5F02
007F8 001EB476
007FC 00456884
00800 000A1E84
00804 002455C3
00808 002718EC
0080C 0048E330
00810 0001FA38
00814 001459E8
00818 0004B83F
0081C 003A2408
00820 00110B91
00824 001826B4
00828 0030C6FA
0082C 0042CDBC
00830 00218422
00834 00491A9D
00838 0011D8DD
0083C 001FAADA
00840 001C4CD9
00844 000C8061
00848 00437586
0084C 000E0266
00850 0049832A
00854 0000FFF2
00858 000959F3
0085C 00475B93
00860 00272C02
00864 0023A82B
00868 0007CCAA
0086C 0013B7DE
00870 0012F055
00874 00126D5E
00878 00195303
0087C 0038B64E
00880 003C38CF
00884 00061738
00888 0021116C
0088C 000F2974
00890 000CA294
00894 00017295
00898 0027FA6F
0089C 00091195
008A0 001C755E
008A4 0014E355
008A8 00465EAF
008AC 001A7C73
008B0 00107A74
008B4 001882A0
008B8 002D2362
008BC 0047AD21
008C0 0046DB85
008C4 00390FEB
008C8 002F455E
008CC 00407692
008D0 00388F6F
008D4 000773F1
008D8 003E76AC
008DC 000BEBA9
008E0 000AB3C7
008E4 0025FFC8
008E8 004370C6
008EC 00195F2C
008F0 000F81E5
008F4 001C80FB
008F8 0034A68D
008FC 0024FE7B
00900 003BE8CA
00904 004A240A
00908 00238DF2
0090C 001D15FC
00910 003D5E60
00914 003D31D0
00918 000DDB35
0091C 0044D479
00920 002C6A80
00924 0018439B
00928 0001FC63
0092C 001F1415
00930 0034569B
00934 0007B3B6
00938 004B90B5
0093C 00490373
00940 00143B73
00944 000CA6DD
00948 000BF964
0094C 001FC7C5
00950 0040E7A6
00954 0034052F
00958 00225068
0095C 0024A881
00960 00090662
00964 001A0732
00968 003BB491
0096C 001EBD59
00970 004AD212
00974 00305608
00978 0000161D
0097C 00382C9D
00980 002DF65E
00984 001C0FC2
00988 003EE029
0098C 0022CD9F
00990 002B901A
00994 0011F423
00998 003BAB59
0099C 00045871
009A0 001AB407
009A4 00266D03
009A8 0000C4DF
009AC 001C25E7
009B0 002F9E66
009B4 000DE293
009B8 002EEDD9
009BC 0001F3F6
009C0 0043A17C
009C4 0004529B
009C8 001A94F4
009CC 002D4836
009D0 0003000A
009D4 003C0CE0
009D8 003F3AFC
009DC 003EAEFF
009E0 002599ED
009E4 003C8C2E
009E8 0001B047
009EC 004A0C02
009F0 001FB1E9
009F4 00363012
009F8 001ABC96
009FC 0027F39A
00A00 0018128C
00A04 00077682
00A08 002B64C1
00A0C 0029112A
00A10 00416552
00A14 000816DF
00A18 002BDE91
00A1C 00489150
00A20 004347B8
00A24 0046C51D
00A28 003C1F9D
00A2C 00477B82
00A30 002A5F70
00A34 003D55FE
00A38 000C2154
00A3C 0001C993
00A40 004647DA
00A44 001EF02E
00A48 003E67D5
00A4C 003D54AB
00A50 00356FC7
00A54 00241D4D
00A58 00294758
00A5C 003B32DE
00A60 00355805
00A64 0001A575
00A68 00330AFC
00A6C 00169A36
00A70 00456AF6
00A74 000791C1
00A78 000433C6
00A7C 0045A5D6
00A80 00224933
00A84 00227F44
00A88 00315231
00A8C 001C4B1B
00A90 003FB88D
00A94 00045D92
00A98 000DFD96
00A9C 001E258A
00AA0 003F58BA
00AA4 001CE686
00AA8 002A15BF
00AAC 0039B2B3
00AB0 0018DF66
00AB4 0011E9CF
00AB8 00348839
00ABC 004288E0
00AC0 002169BB
00AC4 0000C37C
00AC8 003F90C5
00ACC 0018C427
00AD0 00352D79
00AD4 0043C435
00AD8 0017C839
00ADC 003F0371
00AE0 001AFE64
00AE4 0024F280
00AE8 003F1403
00AEC 0046BD63
00AF0 003F8589
00AF4 001D2E37
00AF8 0015F1AD
00AFC 00391CFF
00B00 003337EF
00B04 002ACF7A
00B08 003684C6
00B0C 0010C5D7
00B10 004460EF
00B14 00241241
00B18 0049BFE8
00B1C 003BABDF
00B20 000166AF
00B24 003C0881
00B28 003B6814
00B2C 00387327
00B30 00409250
00B34 00394AB2
00B38 0049F50B
00B3C 0018E127
00B40 0010F009
00B44 003CE869
00B48 002AB95F
00B4C 0043DBA6
00B50 0039754F
00B54 0037D500
00B58 0019120E
00B5C 00211F40
00B60 001A35C5
00B64 001BCB5B
00B68 00333A34
00B6C 003BA070
00B70 001A79FC
00B74 00084650
00B78 003E0552
00B7C 004286C7
00B80 002287F4
00B84 000E7A11
00B88 002D6FE0
00B8C 00245B12
00B90 000A6938
00B94 0033A1D4
00B98 0030A9E1
00B9C 003F86D2
00BA0 000874A3
00BA4 001600AC
00BA8 00070ADA
00BAC 0003F973
00BB0 002A21A8
00BB4 002441D1
00BB8 000045B7
00BBC 0036325E
00BC0 003168FB
00BC4 00330E65
00BC8 001C04DC
00BCC 001A76E3
00BD0 001635EA
00BD4 00281A74
00BD8 000F04A3
00BDC 001136F5
00BE0 0030C228
00BE4 0003DAC0
00BE8 00258242
00BEC 001CE26C
00BF0 001126AC
00BF4 00265359
00BF8 00319169
00BFC 00496C1F
00C00 0048DFAB
00C04 00434693
00C08 004AAF5A
00C0C 002D7B31
00C10 00230EDD
00C14 002FD684
00C18 001B9900
00C1C 001F04BA
00C20 002BC617
00C24 00363E90
00C28 0026B0A0
00C2C 00027DEB
00C30 00134F73
00C34 0000AE0B
00C38 0021E262
00C3C 000DECAC
00C40 000C3BD8
00C44 0004C5E5
00C48 000DDF96
00C4C 00183AFE
00C50 00082DA3
00C54 003E399C
00C58 001A1549
00C5C 000F62F0
00C60 00076F45
00C64 001347BA
00C68 001B6522
00C6C 004B4E01
00C70 0037C8EC
00C74 001D5B85
00C78 00441CF7
00C7C 0000A19C
00C80 0033D829
00C84 004AC196
00C88 00295CDC
00C8C 002A0D02
00C90 00083CF0
00C94 003BC0DD
00C98 001B6533
00C9C 0047A5E3
00CA0 00064000
00CA4 002A5D8E
00CA8 0026AB73
00CAC 00443A67
00CB0 0005C214
00CB4 00098183
00CB8 0033B4D1
00CBC 000BCC21
00CC0 000406E7
00CC4 0049137F
00CC8 00186672
00CCC 0006BF99
00CD0 003F15AB
00CD4 0026735E
00CD8 001A5EE7
00CDC 0022CB31
00CE0 0015AD79
00CE4 0018F557
00CE8 0048D4E9
00CEC 00000F79
00CF0 002FFE19
00CF4 0011C40C
00CF8 002FB480
00CFC 001AB125
00D00 0007A2E1
00D04 0047215E
00D08 0019F412
00D0C 002E3790
00D10 00457D91
00D14 000D1435
00D18 00155A82
00D1C 00274B50
00D20 00456755
00D24 00473268
00D28 00144324
00D2C 002FD1AC
00D30 0024833D
00D34 003D8BE1
00D38 000B30BA
00D3C 0035195C
00D40 0045D1E3
00D44 00251D8B
00D48 00396923
00D4C 0015DF98
00D50 00311110
00D54 002B00D8
00D58 001BA4E5
00D5C 0048F224
00D60 00371276
00D64 00020AB7
00D68 0007AB5D
00D6C 00399393
00D70 0026BE2E
00D74 000FB9EE
00D78 003F4833
00D7C 00328801
00D80 0017FB3D
00D84 0039B7A9
00D88 000CC522
00D8C 0042882F
00D90 00324A9B
00D94 0012254F
00D98 0049F01F
00D9C 003C0FFC
00DA0 0008D98A
00DA4 000A3C44
00DA8 00157FF8
00DAC 00206EAC
00DB0 0046A609
00DB4 000B818E
00DB8 004AE359
00DBC 000C1B8A
00DC0 002364D5
00DC4 00059A0B
00DC8 0004DA1C
00DCC 000C1391
00DD0 001C9685
00DD4 001BC78F
00DD8 00168767
00DDC 003D4A82
00DE0 003E6528
00DE4 00191222
00DE8 00255F4A
00DEC 002D5472
00DF0 003561D1
00DF4 0019DF65
00DF8 00313EFF
00DFC 001DD007
00E00 00073358
00E04 0041848E
00E08 0015757D
00E0C 0024024D
00E10 000108E4
00E14 00272702
00E18 0023B95D
00E1C 0009F070
00E20 00220694
00E24 003D8207
00E28 001B1258
00E2C 0016B6AB
00E30 002BDE58
00E34 000D1FD0
00E38 000D2750
00E3C 0042701B
00E40 001D4293
00E44 003560BA
00E48 000140FA
00E4C 001C548C
00E50 004BA981
00E54 000EB26E
00E58 003C7E59
00E5C 0036F947
00E60 0044ADAD
00E64 000221B9
00E68 00245458
00E6C 004B696A
00E70 00468FA6
00E74 00150A5C
00E78 00237795
00E7C 0003D075
00E80 0017F5DB
00E84 0042B898
00E88 003CB11D
00E8C 004B9053
00E90 001D9818
00E94 0031EC37
00E98 00484D4A
00E9C 002B1551
00EA0 00401C86
00EA4 0046DB9F
00EA8 0015B64E
00EAC 0022906D
00EB0 001D504A
00EB4 001E87D8
00EB8 002C8A3B
00EBC 001BCFCB
00EC0 00436AD6
00EC4 002C665C
00EC8 00299E36
00ECC 0024FF9A
00ED0 00319EB7
00ED4 003B22C2
00ED8 00457BE0
00EDC 0049E8E1
00EE0 00281086
00EE4 002EA480
00EE8 000A90CD
00EEC 003DA75A
00EF0 0038BAFE
00EF4 0012F193
00EF8 0046F128
00EFC 002AB400
00F00 001344AF
00F04 000B2FA6
00F08 00456841
00F0C 001D1E08
00F10 0021ACBF
00F14 0021B594
00F18 002BBDAC
00F1C 001AD162
00F20 0014BCD0
00F24 0010E258
00F28 0011F0E9
00F2C 000BA424
00F30 00062E4F
00F34 0023D234
00F38 0041A025
00F3C 004B53CA
00F40 00372DCC
00F44 0009BC12
00F48 002CEBB9
00F4C 004A0BE6
00F50 002DA059
00F54 002D17D5
00F58 002A7CFB
00F5C 00409BF8
00F60 001B9F8D
00F64 000F1ED6
00F68 0039A85D
00F6C 001948CF
00F70 003E51AD
00F74 00291B85
00F78 0017FCB9
00F7C 001083F0
00F80 0047BFB4
00F84 002B485A
00F88 00197880
00F8C 0023C0C3
00F90 0030840C
00F94 00032DC1
00F98 003C2935
00F9C 003C1E66
00FA0 000AA524
00FA4 003598E9
00FA8 0036CC5B
00FAC 00417E79
00FB0 000305EC
00FB4 000FA79B
00FB8 003CA0BD
00FBC 0022F40A
00FC0 000C3CA9
00FC4 002E684C
00FC8 0028E0C2
00FCC 001E2DF9
00FD0 0029FE0C
00FD4 0022A56D
00FD8 0038DFB9
00FDC 00238739
00FE0 000C4FE4
00FE4 00437EAC
00FE8 00288576
00FEC 000038A9
00FF0 002B0ABA
00FF4 001BCA3F
00FF8 002CE3CE
00FFC 000EB064
01000 00033B99
01004 004034E1
01008 0041D80B
0100C 0036EB30
01010 000FA520
01014 0022307F
01018 0004DDDB
0101C 00046D47
01020 00452874
01024 00172EEF
01028 0007E420
0102C 00398DFD
01030 001FD485
01034 001249A8
01038 0004F58D
0103C 0040FF15
01040 0003DD3C
01044 00288714
01048 00420E83
0104C 0032CFDD
01050 000592C2
01054 00436F7F
01058 0036215D
0105C 004AD983
01060 0046EC99
01064 000F34A9
01068 000B662A
0106C 003829E8
01070 0041E073
01074 0003A5A6
01078 0005336E
0107C 000B734B
01080 001B14B8
01084 00433FD5
01088 0012936A
0108C 000ADF2A
01090 0022CD93
01094 0017183C
01098 0049A040
0109C 000F3C8B
010A0 003F8EBF
010A4 002921F9
010A8 00142BC1
010AC 00293443
010B0 001C95BA
010B4 000D8CF3
010B8 0045DEFE
010BC 00259A6F
010C0 00002D1E
010C4 0026082E
010C8 003E8468
010CC 000E0406
010D0 000183DA
010D4 0009D1FE
010D8 004BAAE2
010DC 0022ACB6
010E0 002799E2
010E4 002CBC1D
010E8 00182A51
010EC 0027D475
010F0 0017F55C
010F4 00344E9A
010F8 004A8EBA
010FC 003028AC
01100 002D88CE
01104 00175465
01108 0030C4D9
0110C 0039EBA5
01110 0041CD4B
01114 002FCAC9
01118 00252698
0111C 0033BFF9
01120 004AE1DD
01124 00052D5B
01128 00164626
0112C 002D0C97
01130 00337EF9
01134 000742FD
01138 001DDEDB
0113C 0010EE0D
01140 0046546F
01144 0014E55C
01148 000EBB60
0114C 002D2049
01150 00175F0F
01154 00127689
01158 000A645F
0115C 00162C87
01160 00422013
01164 001672B4
01168 0011504F
0116C 0040DFA8
01170 0006A97B
01174 00476BB0
01178 0046F3A6
0117C 0004705E
01180 002400B9
01184 00411E74
01188 003BF7BD
0118C 003F0CE8
01190 0000414B
01194 003A62E2
01198 0024C138
0119C 003068B3
011A0 000AF468
011A4 003C188C
011A8 00022434
011AC 00285647
011B0 001E0573
011B4 00327275
011B8 0007BA83
011BC 000D08AB
011C0 0048F682
011C4 00499200
011C8 0037A4D7
011CC 003A3480
011D0 000BA701
011D4 003A4DF2
011D8 0011F360
011DC 00413866
011E0 000C6847
011E4 00304E9D
011E8 004B6E3E
011EC 0019367D
011F0 003B89DE
011F4 001BF903
011F8 001ECE9F
011FC 003357C5
01200 003B4677
01204 00016878
01208 0033A7F9
0120C 003C0C69
01210 001E5EA0
01214 0026CE2A
01218 0012F554
0121C 000CA1CB
01220 00148516
01224 000C979C
01228 0019A943
0122C 001F2618
01230 003BA1AB
01234 003F8A99
01238 001009E2
0123C 0031EB69
01240 004643DF
01244 00488098
01248 003B00D7
0124C 0043338F
01250 00439DB3
01254 0027F019
01258 002656B7
0125C 000BF02A
01260 0029626A
01264 003BA161
01268 001BC642
0126C 003F31F5
01270 003C5C06
01274 002FD83C
01278 0000164A
0127C 000B3324
01280 00109FDA
01284 004606E1
01288 0010227C
0128C 0027AD10
01290 00447F33
01294 000B5E04
01298 00018966
0129C 0003F541
012A0 0021469B
012A4 000E7024
012A8 0009E8A0
012AC 0014F1A6
012B0 00080C28
012B4 00030C36
012B8 00430029
012BC 00315A0E
012C0 0019E712
012C4 0022E119
012C8 001A4A75
012CC 003033AE
012D0 0021296A
012D4 0025ACBB
012D8 00498F5A
012DC 002CBA96
012E0 0025859D
012E4 00035487
012E8 001C8AEC
012EC 0030D60D
012F0 002926F1
012F4 0009E4B4
012F8 0011EFDD
012FC 00188B98
01300 00487AEA
01304 003E1E0B
01308 0019BFC7
0130C 001828BA
01310 0025BEFB
01314 00457A14
01318 004842E3
0131C 003FFADC
01320 0012CEEA
01324 0018ACE3
01328 0043752B
0132C 001538B5
01330 0044AD32
01334 0006043E
01338 000E8E0D
0133C 001D217D
01340 00287E4A
01344 000FEA56
01348 001C0A27
0134C 003B1C3A
01350 002F4D34
01354 0032EDAA
01358 001DCA78
0135C 003022C0
01360 00470B75
01364 004822B6
01368 0047838D
0136C 003133C8
01370 0007B04D
01374 004A56C9
01378 0045FB36
0137C 003E1D2A
01380 0010DE35
01384 000CC555
01388 003B3418
0138C 0003B35F
01390 003DD09D
01394 002CB762
01398 000077A2
0139C 0005E476
013A0 002F7115
013A4 00230835
013A8 000A8E40
013AC 00382A47
013B0 003198B3
013B4 001F3726
013B8 004A9C65
013BC 001E7853
013C0 001B21C9
013C4 0036D5F9
013C8 003CECC2
013CC 003EFAAF
013D0 001FAC18
013D4 0039FE96
013D8 0007B3D0
013DC 002881CD
013E0 00388852
013E4 00427415
013E8 003652FB
013EC 003AAFEB
013F0 00195F4E
013F4 002BC420
013F8 0007D7EC
013FC 003C025F
01400 001E8690
01404 000D4B83
01408 0015D518
0140C 0045B602
01410 003BE6BB
01414 00412365
01418 0011AD43
0141C 000A5C2F
01420 004092BC
01424 002C1E6C
01428 000D7A07
0142C 003392EC
01430 0035FB10
01434 0042631E
01438 00289444
0143C 0035B054
01440 0027F224
01444 0013A2EA
01448 000426AB
0144C 001494E4
01450 003F78A6
01454 0022AAC8
01458 00495E3E
0145C 0012BB65
01460 003CF6BF
01464 00147D4B
01468 0026161D
0146C 00331E23
01470 0008952D
01474 001762AC
01478 0032C762
0147C 003FA507
01480 002E3934
01484 004492D7
01488 001F643B
0148C 0000F1A6
01490 0036F9CB
01494 00443E8F
01498 0005339B
0149C 0020E177
014A0 00016F54
014A4 00353A3F
014A8 00451546
014AC 003CA30A
014B0 0037959A
014B4 0014300C
014B8 0032C9CF
014BC 001700EC
014C0 00020CDF
014C4 00286C51
014C8 0020E701
014CC 0026489C
014D0 00267424
014D4 0021EAFB
014D8 0029813B
014DC 00497A11
014E0 00373938
014E4 0008F38A
014E8 001692F1
014EC 000B8BBB
014F0 00220FE4
014F4 00370E9F
014F8 00289101
014FC 002D35C9
01500 0024EDA2
01504 00196F09
01508 001E2C4D
0150C 000A64FC
01510 00086FC1
01514 0003D3DB
01518 0028B663
0151C 004B56F8
01520 002E9342
01524 0048B1CC
01528 00190687
0152C 001117AC
01530 0006AB91
01534 0023ACC9
01538 002743E3
0153C 00322F37
01540 00200438
01544 0027D089
01548 001DC02E
0154C 0046E695
01550 00125D71
01554 001059E9
01558 00107B64
0155C 001C05CC
01560 00119126
01564 00345195
01568 00445E2B
0156C 00352D97
01570 00380176
01574 00299A77
01578 0018799A
0157C 00393696
01580 0012EFDA
01584 002FD9B6
01588 0016B645
0158C 002B174D
01590 0003DB07
01594 000CCD4D
01598 003EE1B6
0159C 002B6840
015A0 00344981
015A4 001D3594
015A8 002D670C
015AC 001CDE4F
015B0 000C7471
015B4 00016353
015B8 0014E14C
015BC 001807AB
015C0 00402576
015C4 003FF19B
015C8 002B2C2D
015CC 002F24AA
015D0 002E55E1
015D4 001B8FC9
015D8 0033842C
015DC 00182AEC
015E0 0018995D
015E4 002C77B6
015E8 004243A4
015EC 000F7EAD
015F0 002BB763
015F4 00281D42
015F8 002ED3ED
015FC 0021B251
01600 001EF290
01604 001F445C
01608 001506E1
0160C 00231E25
01610 0009A4E5
01614 0036F0E2
01618 00457EA9
0161C 000B1AE8
01620 00045791
01624 0023D92F
01628 003FBF18
0162C 002CCD19
01630 00129BE8
01634 0038AC55
01638 0004F326
0163C 0042C6D9
01640 003E2630
01644 00177F1D
01648 00016CDC
0164C 0027CAAD
01650 003CFAD3
01654 0032612F
01658 002A067B
0165C 002EE1EE
01660 004A536A
01664 00108854
01668 0012077A
0166C 000E7DC5
01670 000A9F48
01674 000CF7DB
01678 0041F5EC
0167C 00016866
01680 002E80EA
01684 00058933
01688 00308D06
0168C 000E2D8D
01690 00432985
01694 0041C2F4
01698 00160AC1
0169C 0029261B
016A0 00079B45
016A4 002CE039
016A8 002AABEB
016AC 0015CA07
016B0 002C4885
016B4 0014BD6E
016B8 000855F2
016BC 00204715
016C0 00428AA1
016C4 000B8774
016C8 0023DD7B
016CC 0044D2A0
016D0 0014A1A3
016D4 001F622F
016D8 001DA97D
016DC 004B668C
016E0 004B0A03
016E4 00332CB6
016E8 000989A8
016EC 002A53F6
016F0 002F799D
016F4 000F8383
016F8 003EECBE
016FC 0020B5BD
01700 001FAC36
01704 002AB6DC
01708 004720FB
0170C 00064E3F
01710 002454AF
01714 0009AAB5
01718 00275B21
0171C 0016DDBA
01720 00257EBD
01724 0001276D
01728 0003844A
0172C 002FA916
01730 000CB15B
01734 002C5A7C
01738 00109EA0
0173C 00360E39
01740 00170DD6
01744 00111592
01748 00310D69
0174C 0041ADB6
01750 002E488D
01754 00243137
01758 003F4F8E
0175C 0028FC6B
01760 002E73E5
01764 002C5ADF
01768 0020F571
0176C 000E6C27
01770 00050FEE
01774 00190F34
01778 003381FA
0177C 00212BA0
01780 00434440
01784 000957EC
01788 0013B122
0178C 003296F3
01790 003106BB
01794 002CB7B0
01798 0014E11D
0179C 00297832
017A0 00182FC1
017A4 00154988
017A8 0047D44C
017AC 0020E9BB
017B0 000DD9BE
017B4 001A2DD1
017B8 0015B30E
017BC 003506DE
017C0 0046B79E
017C4 003D2F66
017C8 00230E84
017CC 001EA8EC
017D0 002CD1FA
017D4 0034BB82
017D8 00479F68
017DC 003E9693
017E0 0037F007
017E4 004158B9
017E8 00455788
017EC 00363653
017F0 00375040
017F4 003AEBCE
017F8 00229DBE
017FC 000A488E
01800 004AF9CB
01804 00182516
01808 00124660
0180C 002F8BAA
01810 0003A3E6
01814 00119F69
01818 0014BD84
0181C 00399061
01820 00488D5E
01824 002EC077
01828 0041819F
0182C 0035AF9E
01830 00266A26
01834 001F9C46
01838 000439E4
0183C 001E710B
01840 00443209
01844 0004DAF2
01848 003E2D7E
0184C 00188173
01850 00464CFF
01854 001F4E22
01858 002B5F0B
0185C 004A8D4B
01860 00477831
01864 0047C695
01868 00085F6B
0186C 0027E3AD
01870 0041E48C
01874 004564BC
01878 0028E39D
0187C 00388622
01880 004750FC
01884 001FB942
01888 00052B92
0188C 003B9E2E
01890 00167963
01894 00374F5B
01898 000D435D
0189C 002BEDEF
018A0 001A12A3
018A4 003B9C65
018A8 002146A7
018AC 00140536
018B0 001F7510
018B4 004083D5
018B8 004399BA
018BC 0014D6CC
018C0 003BC1F5
018C4 003EEA57
018C8 001317A9
018CC 003B479F
018D0 003A6893
018D4 0021AB78
018D8 00128D01
018DC 00022C30
018E0 0008FAED
018E4 0042F632
018E8 001AF95F
018EC 001E5283
018F0 003557D9
018F4 0006DE11
018F8 001F013E
018FC 000E3F78
01900 00470E3B
01904 00270763
01908 004770D6
0190C 0000F2A1
01910 003308E1
01914 00192CCA
01918 002BE8E2
0191C 00091216
01920 0028C12A
01924 00305B30
01928 00255798
0192C 001AFCCA
01930 000EAA20
01934 00231E11
01938 001EC071
0193C 001504A0
01940 002B2556
01944 00233429
01948 00331FD4
0194C 00472C15
01950 00322BE7
01954 002E774A
01958 003CEB2E
0195C 001C4D0F
01960 0002711D
01964 0006C2D3
01968 00370881
0196C 00235091
01970 001286D1
01974 0006FFE8
01978 003C6779
0197C 003ECD2E
01980 0012CB0F
01984 00477860
01988 002F24A3
0198C 0019A726
01990 00073D73
01994 002640B3
01998 00339143
0199C 00154A70
019A0 0031AF45
019A4 003D46B5
019A8 00145505
019AC 003AA30A
019B0 00155233
019B4 002E5D22
019B8 0005931E
019BC 002ABA53
019C0 0039A94A
019C4 0005DBCE
019C8 00071176
019CC 0049B473
019D0 0027CF0B
019D4 00482791
019D8 00463769
019DC 000EFDAA
019E0 003D90E3
019E4 0008C551
019E8 00072154
019EC 00262C93
019F0 0020BBDE
019F4 0037AE8C
019F8 00358107
019FC 0047E03F
01A00 0001538C
01A04 00073C56
01A08 0001A2D4
01A0C 000D22B3
01A10 003C1E5A
01A14 0018F97C
01A18 0040DF10
01A1C 000CDAD3
01A20 0023C9DF
01A24 0009A519
01A28 000BEBE6
01A2C 002D5CA9
01A30 002DF323
01A34 0047608A
01A38 00044BED
01A3C 000A9301
01A40 003320BB
01A44 0029A29F
01A48 002F34DF
01A4C 000A9B37
01A50 000D523B
01A54 0001A83D
01A58 00056814
01A5C 000C5985
01A60 001D7FD5
01A64 003C61F8
01A68 00262181
01A6C 000C34FC
01A70 00147DB6
01A74 000CD278
01A78 00257BCB
01A7C 00488092
01A80 00395369
01A84 0045059D
01A88 0035C0E0
01A8C 001BBAC5
01A90 002198D4
01A94 0049E602
01A98 002ECA77
01A9C 002CF33C
01AA0 0044D924
01AA4 0017CC94
01AA8 000BB9E0
01AAC 0001B13A
01AB0 000460BE
01AB4 0016476B
01AB8 0024AC00
01ABC 001BE10B
01AC0 004675AD
01AC4 00035801
01AC8 0009A5CB
01ACC 000AA4CE
01AD0 003D0075
01AD4 0021BEF7
01AD8 002AFE29
01ADC 000A7D7A
01AE0 00038D46
01AE4 001E0EBD
01AE8 0022FD14
01AEC 000E8521
01AF0 002A6298
01AF4 000FB9A8
01AF8 00281BF4
01AFC 00214C20
01B00 003D6BBD
01B04 0046792D
01B08 0007DB5E
01B0C 00363106
01B10 0029CA30
01B14 000FAD15
01B18 002882CA
01B1C 0022B483
01B20 00131B3E
01B24 003C93C0
01B28 002947B6
01B2C 002898D0
01B30 000F4B6F
01B34 0025A372
01B38 0002082B
01B3C 00201D91
01B40 003438A9
01B44 0008D8F8
01B48 0046B9D7
01B4C 0012A5CD
01B50 003A5FB0
01B54 00481361
01B58 003F3E2F
01B5C 00016530
01B60 000BB06A
01B64 0031C72A
01B68 00438F49
01B6C 0031DADE
01B70 0008571D
01B74 000632CB
01B78 0006568E
01B7C 00110513
01B80 0007743B
01B84 00246C83
01B88 000159DA
01B8C 00152438
01B90 00244F6F
01B94 0012B54E
01B98 001BAF01
01B9C 003503A9
01BA0 0040BD03
01BA4 0008B110
01BA8 00462DB1
01BAC 00357DE3
01BB0 00398D22
01BB4 000AF9F9
01BB8 0020ED5E
01BBC 0022F335
01BC0 0015E806
01BC4 00184CE2
01BC8 0023E86A
01BCC 001066DD
01BD0 004A656E
01BD4 002C2181
01BD8 00468E95
01BDC 00067F1D
01BE0 002BF185
01BE4 0012A4BB
01BE8 0037ACF7
01BEC 0028E2D1
01BF0 0026657C
01BF4 004BADBF
01BF8 00224D54
01BFC 004532E7
01C00 003A2099
01C04 001D9E43
01C08 0022CC6D
01C0C 002EED56
01C10 003DC416
01C14 0037F9E7
01C18 0040B519
01C1C 001821CA
01C20 003B99AF
01C24 003ED304
01C28 003E9347
01C2C 0006E97F
01C30 00232C69
01C34 003C97D8
01C38 0017F917
01C3C 0000229A
01C40 00226679
01C44 001EDCA5
01C48 00010B9A
01C4C 002410FB
01C50 003ECEB5
01C54 0016D835
01C58 000CE9AF
01C5C 00185C25
01C60 001B8A91
01C64 002ADE0E
01C68 002DEBEB
01C6C 00143BD4
01C70 00366E52
01C74 00393720
01C78 00459853
01C7C 0004521C
01C80 00157734
01C84 0028EA6C
01C88 001F83E7
01C8C 0029F35F
01C90 0041F3CF
01C94 0011F971
01C98 00432F25
01C9C 002B9A27
01CA0 00165335
01CA4 001D5B4E
01CA8 0019DE05
01CAC 001560FA
01CB0 002ED546
01CB4 00428BB8
01CB8 0042401F
01CBC 0016F7B2
01CC0 00158BAF
01CC4 0024E86D
01CC8 003A9C6C
01CCC 0013FED4
01CD0 002020E3
01CD4 00122384
01CD8 00433B2B
01CDC 003016A3
01CE0 001AF761
01CE4 0013061A
01CE8 0040D5F6
01CEC 004130A0
01CF0 0006E32C
01CF4 000BE31F
01CF8 001980F4
01CFC 0006D508
01D00 004BA836
01D04 000C6FDC
01D08 0029F518
01D0C 000BAE44
01D10 000E826B
01D14 00001E69
01D18 002F5052
01D1C 0046268B
01D20 0029F8E0
01D24 002DDE1C
01D28 0020FB2C
01D2C 001AA4EC
01D30 00011062
01D34 004A200B
01D38 0017794E
01D3C 0033C9A0
01D40 000A09CC
01D44 004BC042
01D48 002B08E4
01D4C 001BC2CF
01D50 00492721
01D54 00402867
01D58 0037A342
01D5C 00497B18
01D60 00456BF7
01D64 000B4887
01D68 00152A70
01D6C 0009B314
01D70 0016D853
01D74 00094886
01D78 003D2327
01D7C 0006CFD7
01D80 0021BEC3
01D84 0027374A
01D88 001CF1AC
01D8C 002B34DB
01D90 0024AA1C
01D94 001E5B5E
01D98 0003F4DF
01D9C 00153A5A
01DA0 0016C567
01DA4 00390B65
01DA8 00470347
01DAC 0009238D
01DB0 00347BB1
01DB4 001D8D01
01DB8 003EE4FA
01DBC 0000053A
01DC0 0002F896
01DC4 00183BD9
01DC8 00306152
01DCC 004836B4
01DD0 001061D3
01DD4 0024B3CF
01DD8 00450C2B
01DDC 002A3848
01DE0 002F5AF4
01DE4 0036B013
01DE8 00120E00
01DEC 000A38FA
01DF0 00000933
01DF4 0045AC2D
01DF8 003AA1FB
01DFC 002D69D2
01E00 0025C629
01E04 0033EAF9
01E08 004814F1
01E0C 001B7A13
01E10 000F3CC7
01E14 00438806
01E18 004B1524
01E1C 0005A5C1
01E20 00073FEE
01E24 00476584
01E28 0020A797
01E2C 00245EE2
01E30 0021EA47
01E34 001B268D
01E38 0032E607
01E3C 00400251
01E40 002DF95C
01E44 0027EA5A
01E48 002CDF1D
01E4C 00379E2C
01E50 000F2AAB
01E54 001F10B3
01E58 002EA88C
01E5C 00182E94
01E60 001A704A
01E64 004181E9
01E68 004585B5
01E6C 000156C6
01E70 0027C0BA
01E74 00108AB9
01E78 0027B18A
01E7C 0034C328
01E80 000BF31B
01E84 0034DA9F
01E88 002ED4EA
01E8C 004079CB
01E90 000732C2
01E94 003E6B2E
01E98 00346BFC
01E9C 00063856
01EA0 00140DB3
01EA4 00078A6F
01EA8 00397857
01EAC 00052BE7
01EB0 0002A3C5
01EB4 002ADB97
01EB8 0022EEC0
01EBC 0036EE83
01EC0 002DB754
01EC4 00432CDD
01EC8 003F7861
01ECC 0014EF99
01ED0 0043A9BD
01ED4 001C291A
01ED8 003DF7C8
01EDC 001D21E7
01EE0 0008A3DC
01EE4 0045DA08
01EE8 0036E819
01EEC 0044AE0C
01EF0 00024E2E
01EF4 001D92BF
01EF8 0002C998
01EFC 00080ABA
01F00 0019C336
01F04 002EFA82
01F08 000F72E4
01F0C 0000E020
01F10 000B6937
01F14 0003C014
01F18 00112435
01F1C 0035BF31
01F20 003C1887
01F24 000254FB
01F28 000D684F
01F2C 002AC1F4
01F30 0041656E
01F34 0029D265
01F38 0023375E
01F3C 0038A433
01F40 0039DC91
01F44 001D286D
01F48 0037A8E9
01F4C 00094AEE
01F50 0006655F
01F54 00193DCF
01F58 000E78A7
01F5C 002D910B
01F60 003856FF
01F64 000424DB
01F68 0030964C
01F6C 000FF78B
01F70 004A33EA
01F74 0020A3EF
01F78 00085484
01F7C 001E5F8B
01F80 00059FAA
01F84 00172028
01F88 0028E947
01F8C 00051AB0
01F90 00074F01
01F94 0020847C
01F98 0032EAF6
01F9C 0003DEDB
01FA0 001CF64C
01FA4 002340D0
01FA8 004B70EE
01FAC 001D27FD
01FB0 000B9040
01FB4 00158CFF
01FB8 002B89B4
01FBC 00043FDB
01FC0 00358367
01FC4 000F1D0D
01FC8 0011EE9E
01FCC 00339DCE
01FD0 002B9756
01FD4 00340F68
01FD8 00486C67
01FDC 003D33FE
01FE0 00004A5D
01FE4 002A2772
01FE8 000673F7
01FEC 0026E92B
01FF0 000EFB19
01FF4 0028AFDE
01FF8 00280653
01FFC 004B2D15
02000 000E302E
02004 0040B37A
02008 00213E8D
0200C 00176801
02010 001672CF
02014 0025A47B
02018 0045F2F1
0201C 0010EA59
02020 0002EE93
02024 003AF247
02028 00345639
0202C 001009D4
02030 00061DA7
02034 0026F1EE
02038 0018743C
0203C 0024A3EC
02040 002FF9C2
02044 0024E66C
02048 0013306D
0204C 000ABF4E
02050 00397F0C
02054 0027C83F
02058 001A325C
0205C 000DD7C1
02060 00462ADE
02064 002779F6
02068 004615B2
0206C 00442AD3
02070 0022868E
02074 0042C14A
02078 0021E84A
0207C 0039B154
02080 0018E00A
02084 0000E87B
02088 00319C3F
0208C 001CD64D
02090 0008B36B
02094 00159261
02098 004A7F74
0209C 002FA703
020A0 00002A2C
020A4 0003AF49
020A8 001001A9
020AC 004B785C
020B0 00490439
020B4 002D15AA
020B8 003DA076
020BC 00311170
020C0 0000DB2E
020C4 000F6FA8
020C8 00141DAC
020CC 002B6ADC
020D0 002EA681
020D4 0025FAA1
020D8 00106F72
020DC 002DA5F1
020E0 004B1E42
020E4 00439809
020E8 0003F56E
020EC 003C83DB
020F0 00249F3E
020F4 001ABABD
020F8 002C6B18
020FC 00092824
02100 00440BC6
02104 000FD512
02108 0040E373
0210C 0023ED75
02110 002A5331
02114 00490B33
02118 003B4B49
0211C 00278CEA
02120 00391916
02124 00353859
02128 00066B91
0212C 0043B058
02130 0039FC4E
02134 0039F311
02138 0010A9B8
0213C 002058F6
02140 00151A14
02144 000804D7
02148 00401F5A
0214C 00425ABC
02150 003C55C0
02154 0001D23C
02158 00082434
0215C 0031B6CD
02160 000C807E
02164 00240FDD
02168 0029AC41
0216C 000B25A8
02170 001B70CA
02174 000DE537
02178 0022A186
0217C 0049564B
02180 001387F8
02184 002FE3D5
02188 00455A08
0218C 000F8E04
02190 001CD567
02194 0044E7E1
02198 000697D4
0219C 0001287F
021A0 0001127F
021A4 00293365
021A8 0022F1AE
021AC 002EA10E
021B0 00400F46
021B4 00102827
021B8 003AEA4C
021BC 003C1913
021C0 001BEAE2
021C4 001F30DA
021C8 003BB30F
021CC 00439DA7
021D0 0019F6D0
021D4 0028768B
021D8 0032F3A7
021DC 001C39D3
021E0 00350C43
021E4 00371E55
021E8 00245102
021EC 001C6A8D
021F0 003AF157
021F4 00439967
021F8 002E4726
021FC 002D030E
02200 000577C4
02204 0030AEFA
02208 004604A2
0220C 00253A96
02210 000C9E18
02214 0040EE3C
02218 003741AB
0221C 0016DD30
02220 00351448
02224 0020B852
02228 002E5BEF
0222C 0029E59E
02230 0032F6F1
02234 002458E4
02238 002D06C3
0223C 0006A43A
02240 0025428B
02244 002205B5
02248 0049732D
0224C 0034411C
02250 00158389
02254 0017F21E
02258 001DCC0D
0225C 0017FD12
02260 003A1936
02264 00140BD6
02268 002D926C
0226C 0044E9E3
02270 0042260C
02274 003EDCFA
02278 002BB432
0227C 001E0CAB
02280 001B85D9
02284 000D5BDA
02288 003619A9
0228C 002CCC0D
02290 004263B5
02294 000194C6
02298 00130D7C
0229C 0004A76A
022A0 001244C8
022A4 00343990
022A8 001BC4F6
022AC 003E8372
022B0 000F124E
022B4 00120F1E
022B8 00235893
022BC 004A370F
022C0 00235022
022C4 00204123
022C8 00026BC9
022CC 00162B55
022D0 0038B78B
022D4 003F1711
022D8 004510D5
022DC 000A7457
022E0 003B7334
022E4 00261853
022E8 0010B6C2
022EC 003F0F6A
022F0 004463CA
022F4 001105E3
022F8 000F0F4D
022FC 0018BDB4
02300 00249867
02304 0049B366
02308 0036FBB8
0230C 0022E8C2
02310 00116FDE
02314 00215585
02318 0038FD9E
0231C 0034895C
02320 003EF5B5
02324 002FE858
02328 0048FF4A
0232C 00366396
02330 0019015D
02334 00023111
02338 002CCE3A
0233C 0044565F
02340 000C1172
02344 00111257
02348 00160732
0234C 00270A3E
02350 000EB4A5
02354 0036CEB3
02358 00332BCF
0235C 001EA664
02360 00454088
02364 00462D45
02368 00343334
0236C 003CBBD4
02370 001FDDFC
02374 004199C9
02378 003333DB
0237C 0006BAB2
02380 003E6FDC
02384 002833CA
02388 000B296D
0238C 003077FF
02390 001E7282
02394 0012719C
02398 00456373
0239C 003DEA34
023A0 002CC8FF
