00000 00000000
00004 00000000
00008 00000000
0000C 00000000
00010 00000000
00014 00000000
00018 00000000
0001C 00000000
00020 00000000
00024 00000000
00028 00000000
0002C 00000000
00030 00000000
00034 00000000
00038 00000000
0003C 00000000
00040 00000000
00044 00000000
00048 00000000
0004C 00000000
00050 00000000
00054 00000000
00058 00000000
0005C 00000000
00060 00000000
00064 00000000
00068 00000000
0006C 00000000
00070 00000000
00074 00000000
00078 00000000
0007C 00000000
00080 00000000
00084 00000000
00088 00000000
0008C 00670000
00090 00000000
00094 00000000
00098 00000000
0009C 00000000
000A0 00000000
000A4 00000000
000A8 00000076
000AC 00000000
000B0 000000A3
000B4 00000000
000B8 00000000
000BC 00000000
000C0 00000098
000C4 00000000
000C8 00000000
000CC 00000000
000D0 00000000
000D4 00000000
000D8 B0000000
000DC 00000000
000E0 00000000
000E4 00000000
000E8 00000000
000EC 00000000
000F0 00000000
000F4 00000000
000F8 0000004A
000FC 00000000
00100 00000000
00104 00000000
00108 00000000
0010C 00000000
00110 00000000
00114 00000000
00118 00000000
0011C 00000000
00120 00000000
00124 00000000
00128 00000000
0012C 00000000
00130 00000000
00134 00000000
00138 00000000
0013C 00000000
00140 00000000
00144 00000000
00148 00450000
0014C 00000000
00150 00000000
00154 00000000
00158 00000000
0015C 00000000
00160 00000000
00164 FB000000
00168 00000000
0016C 00000000
00170 00000000
00174 00000000
00178 00000000
0017C 00000000
00180 00000000
00184 00000000
00188 00000000
0018C 00000000
00190 00000000
00194 00000000
00198 00000000
0019C 00000000
001A0 00000000
001A4 00000000
001A8 00000000
001AC 00000000
001B0 00000000
001B4 00000000
001B8 00000000
001BC 00000000
001C0 00000000
001C4 00000000
001C8 00000000
001CC 00000000
001D0 00000000
001D4 00000000
001D8 00000000
001DC 00000000
001E0 00000000
001E4 00000000
001E8 00000000
001EC 00000000
001F0 00000000
001F4 00000000
001F8 00000000
001FC 00000000
00200 00000000
00204 00000000
00208 00000000
0020C 00000000
00210 00000000
00214 00000000
00218 00000000
0021C 00000000
00220 00000000
00224 00000000
00228 00000000
0022C 00000000
00230 00000000
00234 00000000
00238 00000000
0023C 00000000
00240 00000000
00244 00000000
00248 00000000
0024C 00000000
00250 00000000
00254 00000000
00258 00000000
0025C 00000000
00260 00000000
00264 00000000
00268 00000000
0026C 00000000
00270 00000000
00274 00000000
00278 00000000
0027C 00000000
00280 00000000
00284 00000000
00288 00000000
0028C 00000000
00290 00000000
00294 00000000
00298 00000000
0029C 00000000
002A0 00000000
002A4 00000000
002A8 00000000
002AC 00000000
002B0 00000000
002B4 00000000
002B8 00000000
002BC 00000000
002C0 00000000
002C4 00000000
002C8 00000000
002CC 00000000
002D0 00000000
002D4 00000000
002D8 00000000
002DC 00000000
002E0 00000000
002E4 00000000
002E8 00000000
002EC 00000000
002F0 00000000
002F4 00000000
002F8 00000000
002FC 00000000
00300 00000000
00304 00000000
00308 00000000
0030C 00000000
00310 00000000
00314 00000000
00318 00000000
0031C 00000000
00320 00000000
00324 00000000
00328 00000000
0032C 00000000
00330 00000000
00334 00000000
00338 00000000
0033C 00000000
00340 00000000
00344 00000000
00348 00000000
0034C 00000000
00350 00000000
00354 00000000
00358 00000000
0035C 00000000
00360 00000000
00364 00000000
00368 00000000
0036C 00000000
00370 00000000
00374 00000000
00378 00000000
0037C 00000000
00380 00000000
00384 00000000
00388 00000000
0038C 00000000
00390 00000000
00394 00000000
00398 00000000
0039C 00000000
003A0 00000000
003A4 00000000
003A8 00000000
003AC 00000000
003B0 00000000
003B4 00000000
003B8 00000000
003BC 00000000
003C0 00000000
003C4 00000000
003C8 00000000
003CC 00000000
003D0 00000000
003D4 00000000
003D8 00000000
003DC 00000000
003E0 00000000
003E4 00000000
003E8 00000000
003EC 00000000
003F0 00000000
003F4 00000000
003F8 00000000
003FC 00000000
00400 00000000
00404 00000000
00408 00000000
0040C 00000000
00410 00000000
00414 00000000
00418 00000000
0041C 00000000
00420 00000000
00424 00000000
00428 00000000
0042C 00000000
00430 00000000
00434 00000000
00438 00000000
0043C 00000000
00440 00000000
00444 00000000
00448 00000000
0044C 00000000
00450 00000000
00454 00000000
00458 00000000
0045C 00000000
00460 00000000
00464 00000000
00468 00000000
0046C 00000000
00470 00000000
00474 00000000
00478 00000000
0047C 00000000
00480 00000000
00484 00000000
00488 00000000
0048C 00000000
00490 00000000
00494 00000000
00498 00000000
0049C 00000000
004A0 00000000
004A4 00000000
004A8 00000000
004AC 00000000
004B0 00000000
004B4 00000000
004B8 00000000
004BC 00000000
004C0 00000000
004C4 00000000
004C8 00000000
004CC 00000000
004D0 00000000
004D4 00000000
004D8 00000000
004DC 00000000
004E0 00000000
004E4 00000000
004E8 00000000
004EC 00000000
004F0 00000000
004F4 00000000
004F8 00000000
004FC 00000000
00500 00000000
00504 00000000
00508 00000000
0050C 00000000
00510 00000000
00514 00000000
00518 00000000
0051C 00000000
00520 00000000
00524 00000000
00528 00000000
0052C 00000000
00530 00000000
00534 00000000
00538 00000000
0053C 00000000
00540 00000000
00544 00000000
00548 00000000
0054C 00000000
00550 00000000
00554 00000000
00558 00000000
0055C 00000000
00560 00000000
00564 00000000
00568 00000000
0056C 00000000
00570 00000000
00574 00000000
00578 00000000
0057C 00000000
00580 00000000
00584 00000000
00588 00000000
0058C 00000000
00590 00000000
00594 00000000
00598 00000000
0059C 00000000
005A0 00000000
005A4 00000000
005A8 00000000
005AC 00000000
005B0 00000000
005B4 00000000
005B8 00000000
005BC 00000000
005C0 00000000
005C4 00000000
005C8 00000000
005CC 00000000
005D0 00000000
005D4 00000000
005D8 00000000
005DC 00000000
005E0 00000000
005E4 00000000
005E8 00000000
005EC 00000000
005F0 00000000
005F4 00000000
005F8 00000000
005FC 00000000
00600 00000000
00604 00000000
00608 00000000
0060C 00000000
00610 00000000
00614 00000000
00618 00000000
0061C 00000000
00620 00000000
00624 00000000
00628 00000000
0062C 00000000
00630 00000000
00634 00000000
00638 00000000
0063C 00000000
00640 00000000
00644 00000000
00648 00000000
0064C 00000000
00650 00000000
00654 00000000
00658 00000000
0065C 00000000
00660 00000000
00664 00000000
00668 00000000
0066C 00000000
00670 00000000
00674 00000000
00678 00000000
0067C 00000000
00680 00000000
00684 00000000
00688 00000000
0068C 00000000
00690 00000000
00694 00000000
00698 00000000
0069C 00000000
006A0 00000000
006A4 00000000
006A8 00000000
006AC 00000000
006B0 00000000
006B4 00000000
006B8 00000000
006BC 00000000
006C0 00000000
006C4 00000000
006C8 00000000
006CC 00000000
006D0 00000000
006D4 00000000
006D8 00000000
006DC 00000000
006E0 00000000
006E4 00000000
006E8 00000000
006EC 00000000
006F0 00000000
006F4 00000000
006F8 00000000
006FC 00000000
00700 00000000
00704 00000000
00708 00000000
0070C 00000000
00710 00000000
00714 00000000
00718 00000000
0071C 00000000
00720 00000000
00724 00000000
00728 00000000
0072C 00000000
00730 00000000
00734 00000000
00738 00000000
0073C 00000000
00740 00000000
00744 00000000
00748 00000000
0074C 00000000
00750 00000000
00754 00000000
00758 00000000
0075C 00000000
00760 00000000
00764 00000000
00768 00000000
0076C 00000000
00770 00000000
00774 00000000
00778 00000000
0077C 00000000
00780 00000000
00784 00000000
00788 00000000
0078C 00000000
00790 00000000
00794 00000000
00798 00000000
0079C 00000000
007A0 00000000
007A4 00000000
007A8 00000000
007AC 00000000
007B0 00000000
007B4 00000000
007B8 00000000
007BC 00000000
007C0 00000000
007C4 00000000
007C8 00000000
007CC 00000000
007D0 00000000
007D4 00000000
007D8 00000000
007DC 00000000
007E0 00000000
007E4 00000000
007E8 00000000
007EC 00000000
007F0 00000000
007F4 00000000
007F8 00000000
007FC 00000000
00800 00000000
00804 00000000
00808 00000000
0080C 00000000
00810 00000000
00814 00000000
00818 00000000
0081C 00000000
00820 00000000
00824 00000000
00828 00000000
0082C 00000000
00830 00000000
00834 00000000
00838 00000000
0083C 00000000
00840 00000000
00844 00000000
00848 00000000
0084C 00000000
00850 00000000
00854 00000000
00858 00000000
0085C 00000000
00860 00000000
00864 00000000
00868 00000000
0086C 00000000
00870 00000000
00874 00000000
00878 00000000
0087C 00000000
00880 00000000
00884 00000000
00888 00000000
0088C 00000000
00890 00000000
00894 00000000
00898 00000000
0089C 00000000
008A0 00000000
008A4 00000000
008A8 00000000
008AC 00000000
008B0 00000000
008B4 00000000
008B8 00000000
008BC 00000000
008C0 00000000
008C4 00000000
008C8 00000000
008CC 00000000
008D0 00000000
008D4 00000000
008D8 00000000
008DC 00000000
008E0 00000000
008E4 00000000
008E8 00000000
008EC 00000000
008F0 00000000
008F4 00000000
008F8 00000000
008FC 00000000
00900 00000000
00904 00000000
00908 00000000
0090C 00000000
00910 00000000
00914 00000000
00918 00000000
0091C 00000000
00920 00000000
00924 00000000
00928 00000000
0092C 00000000
00930 00000000
00934 00000000
00938 00000000
0093C 00000000
00940 00000000
00944 00000000
00948 00000000
0094C 00000000
00950 00000000
00954 00000000
00958 00000000
0095C 00000000
00960 00000000
00964 00000000
00968 00000000
0096C 00000000
00970 00000000
00974 00000000
00978 00000000
0097C 00000000
00980 00000000
00984 00000000
00988 00000000
0098C 00000000
00990 00000000
00994 00000000
00998 00000000
0099C 00000000
009A0 00000000
009A4 00000000
009A8 00000000
009AC 00000000
009B0 00000000
009B4 00000000
009B8 00000000
009BC 00000000
009C0 00000000
009C4 00000000
009C8 00000000
009CC 00000000
009D0 00000000
009D4 00000000
009D8 00000000
009DC 00000000
009E0 00000000
009E4 00000000
009E8 00000000
009EC 00000000
009F0 00000000
009F4 00000000
009F8 00000000
009FC 00000000
00A00 00000000
00A04 00000000
00A08 00000000
00A0C 00000000
00A10 00000000
00A14 00000000
00A18 00000000
00A1C 00000000
00A20 00000000
00A24 00000000
00A28 00000000
00A2C 00000000
00A30 00000000
00A34 00000000
00A38 00000000
00A3C 00000000
00A40 00000000
00A44 00000000
00A48 00000000
00A4C 00000000
00A50 00000000
00A54 00000000
00A58 00000000
00A5C 00000000
00A60 00000000
00A64 00000000
00A68 00000000
00A6C 00000000
00A70 00000000
00A74 00000000
00A78 00000000
00A7C 00000000
00A80 00000000
00A84 00000000
00A88 00000000
00A8C 00000000
00A90 00000000
00A94 00000000
00A98 00000000
00A9C 00000000
00AA0 00000000
00AA4 00000000
00AA8 00000000
00AAC 00000000
00AB0 00000000
00AB4 00000000
00AB8 00000000
00ABC 00000000
00AC0 00000000
00AC4 00000000
00AC8 00000000
00ACC 00000000
00AD0 00000000
00AD4 00000000
00AD8 00000000
00ADC 00000000
00AE0 00000000
00AE4 00000000
00AE8 00000000
00AEC 00000000
00AF0 00000000
00AF4 00000000
00AF8 00000000
00AFC 00000000
00B00 00000000
00B04 00000000
00B08 00000000
00B0C 00000000
00B10 00000000
00B14 00000000
00B18 00000000
00B1C 00000000
00B20 00000000
00B24 00000000
00B28 00000000
00B2C 00000000
00B30 00000000
00B34 00000000
00B38 00000000
00B3C 00000000
00B40 00000000
00B44 00000000
00B48 00000000
00B4C 00000000
00B50 00000000
00B54 00000000
00B58 00000000
00B5C 00000000
00B60 00000000
00B64 00000000
00B68 00000000
00B6C 00000000
00B70 00000000
00B74 00000000
00B78 00000000
00B7C 00000000
00B80 00000000
00B84 00000000
00B88 00000000
00B8C 00000000
00B90 00000000
00B94 00000000
00B98 00000000
00B9C 00000000
00BA0 00000000
00BA4 00000000
00BA8 00000000
00BAC 00000000
00BB0 00000000
00BB4 00000000
00BB8 00000000
00BBC 00000000
00BC0 00000000
00BC4 00000000
00BC8 00000000
00BCC 00000000
00BD0 00000000
00BD4 00000000
00BD8 00000000
00BDC 00000000
00BE0 00000000
00BE4 00000000
00BE8 00000000
00BEC 00000000
00BF0 00000000
00BF4 00000000
00BF8 00000000
00BFC 00000000
00C00 00000000
00C04 00000000
00C08 00000000
00C0C 00000000
00C10 00000000
00C14 00000000
00C18 00000000
00C1C 00000000
00C20 00000000
00C24 00000000
00C28 00000000
00C2C 00000000
00C30 00000000
00C34 00000000
00C38 00000000
00C3C 00000000
00C40 00000000
00C44 00000000
00C48 00000000
00C4C 00000000
00C50 00000000
00C54 00000000
00C58 00000000
00C5C 00000000
00C60 00000000
00C64 00000000
00C68 00000000
00C6C 00000000
00C70 00000000
00C74 00000000
00C78 00000000
00C7C 00000000
00C80 00000000
00C84 00000000
00C88 00000000
00C8C 00000000
00C90 00000000
00C94 00000000
00C98 00000000
00C9C 00000000
00CA0 00000000
00CA4 00000000
00CA8 00000000
00CAC 00000000
00CB0 00000000
00CB4 00000000
00CB8 00000000
00CBC 00000000
00CC0 00000000
00CC4 00000000
00CC8 00000000
00CCC 00000000
00CD0 00000000
00CD4 00000000
00CD8 00000000
00CDC 00000000
00CE0 00000000
00CE4 00000000
00CE8 00000000
00CEC 00000000
00CF0 00000000
00CF4 00000000
00CF8 00000000
00CFC 00000000
00D00 00000000
00D04 00000000
00D08 00000000
00D0C 00000000
00D10 00000000
00D14 00000000
00D18 00000000
00D1C 00000000
00D20 00000000
00D24 00000000
00D28 00000000
00D2C 00000000
00D30 00000000
00D34 00000000
00D38 00000000
00D3C 00000000
00D40 00000000
00D44 00000000
00D48 00000000
00D4C 00000000
00D50 00000000
00D54 00000000
00D58 00000000
00D5C 00000000
00D60 00000000
00D64 00000000
00D68 00000000
00D6C 00000000
00D70 00000000
00D74 00000000
00D78 00000000
00D7C 00000000
00D80 00000000
00D84 00000000
00D88 00000000
00D8C 00000000
00D90 00000000
00D94 00000000
00D98 00000000
00D9C 00000000
00DA0 00000000
00DA4 00000000
00DA8 00000000
00DAC 00000000
00DB0 00000000
00DB4 00000000
00DB8 00000000
00DBC 00000000
00DC0 00000000
00DC4 00000000
00DC8 00000000
00DCC 00000000
00DD0 00000000
00DD4 00000000
00DD8 00000000
00DDC 00000000
00DE0 00000000
00DE4 00000000
00DE8 00000000
00DEC 00000000
00DF0 00000000
00DF4 00000000
00DF8 00000000
00DFC 00000000
00E00 00000000
00E04 00000000
00E08 00000000
00E0C 00000000
00E10 00000000
00E14 00000000
00E18 00000000
00E1C 00000000
00E20 00000000
00E24 00000000
00E28 00000000
00E2C 00000000
00E30 00000000
00E34 00000000
00E38 00000000
00E3C 00000000
00E40 00000000
00E44 00000000
00E48 00000000
00E4C 00000000
00E50 00000000
00E54 00000000
00E58 00000000
00E5C 00000000
00E60 00000000
00E64 00000000
00E68 00000000
00E6C 00000000
00E70 00000000
00E74 00000000
00E78 00000000
00E7C 00000000
00E80 00000000
00E84 00000000
00E88 00000000
00E8C 00000000
00E90 00000000
00E94 00000000
00E98 00000000
00E9C 00000000
00EA0 00000000
00EA4 00000000
00EA8 00000000
00EAC 00000000
00EB0 00000000
00EB4 00000000
00EB8 00000000
00EBC 00000000
00EC0 00000000
00EC4 00000000
00EC8 00000000
00ECC 00000000
00ED0 00000000
00ED4 00000000
00ED8 00000000
00EDC 00000000
00EE0 00000000
00EE4 00000000
00EE8 00000000
00EEC 00000000
00EF0 00000000
00EF4 00000000
00EF8 00000000
00EFC 00000000
00F00 00000000
00F04 00000000
00F08 00000000
00F0C 00000000
00F10 00000000
00F14 00000000
00F18 00000000
00F1C 00000000
00F20 00000000
00F24 00000000
00F28 00000000
00F2C 00000000
00F30 00000000
00F34 00000000
00F38 00000000
00F3C 00000000
00F40 00000000
00F44 00000000
00F48 00000000
00F4C 00000000
00F50 00000000
00F54 00000000
00F58 00000000
00F5C 00000000
00F60 00000000
00F64 00000000
00F68 00000000
00F6C 00000000
00F70 00000000
00F74 00000000
00F78 00000000
00F7C 00000000
00F80 00000000
00F84 00000000
00F88 00000000
00F8C 00000000
00F90 00000000
00F94 00000000
00F98 00000000
00F9C 00000000
00FA0 00000000
00FA4 00000000
00FA8 00000000
00FAC 00000000
00FB0 00000000
00FB4 00000000
00FB8 00000000
00FBC 00000000
00FC0 00000000
00FC4 00000000
00FC8 00000000
00FCC 00000000
00FD0 00000000
00FD4 00000000
00FD8 00000000
00FDC 00000000
00FE0 00000000
00FE4 00000000
00FE8 00000000
00FEC 00000000
00FF0 00000000
00FF4 00000000
00FF8 00000000
00FFC 00000000
01000 00000000
01004 00000000
01008 00000000
0100C 00000000
01010 00000000
01014 00000000
01018 00000000
0101C 00000000
01020 00000000
01024 00000000
01028 00000000
0102C 00000000
01030 00000000
01034 00000000
01038 00000000
0103C 00000000
01040 00000000
01044 00000000
01048 00000000
0104C 00000000
01050 00000000
01054 00000000
01058 00000000
0105C 00000000
01060 00000000
01064 00000000
01068 00000000
0106C 00000000
01070 00000000
01074 00000000
01078 00000000
0107C 00000000
01080 00000000
01084 00000000
01088 00000000
0108C 00000000
01090 00000000
01094 00000000
01098 00000000
0109C 00000000
010A0 00000000
010A4 00000000
010A8 00000000
010AC 00000000
010B0 00000000
010B4 00000000
010B8 00000000
010BC 00000000
010C0 00000000
010C4 00000000
010C8 00000000
010CC 00000000
010D0 00000000
010D4 00000000
010D8 00000000
010DC 00000000
010E0 00000000
010E4 00000000
010E8 00000000
010EC 00000000
010F0 00000000
010F4 00000000
010F8 00000000
010FC 00000000
01100 00000000
01104 00000000
01108 00000000
0110C 00000000
01110 00000000
01114 00000000
01118 00000000
0111C 00000000
01120 00000000
01124 00000000
01128 00000000
0112C 00000000
01130 00000000
01134 00000000
01138 00000000
0113C 00000000
01140 00000000
01144 00000000
01148 00000000
0114C 00000000
01150 00000000
01154 00000000
01158 00000000
0115C 00000000
01160 00000000
01164 00000000
01168 00000000
0116C 00000000
01170 00000000
01174 00000000
01178 00000000
0117C 00000000
01180 00000000
01184 00000000
01188 00000000
0118C 00000000
01190 00000000
01194 00000000
01198 00000000
0119C 00000000
011A0 00000000
011A4 00000000
011A8 00000000
011AC 00000000
011B0 00000000
011B4 00000000
011B8 00000000
011BC 00000000
011C0 00000000
011C4 00000000
011C8 00000000
011CC 00000000
011D0 00000000
011D4 00000000
011D8 00000000
011DC 00000000
011E0 00000000
011E4 00000000
011E8 00000000
011EC 00000000
011F0 00000000
011F4 00000000
011F8 00000000
011FC 00000000
01200 00000000
01204 00000000
01208 00000000
0120C 00000000
01210 00000000
01214 00000000
01218 00000000
0121C 00000000
01220 00000000
01224 00000000
01228 00000000
0122C 00000000
01230 00000000
01234 00000000
01238 00000000
0123C 00000000
01240 00000000
01244 00000000
01248 00000000
0124C 00000000
01250 00000000
01254 00000000
01258 00000000
0125C 00000000
01260 00000000
01264 00000000
01268 00000000
0126C 00000000
01270 00000000
01274 00000000
01278 00000000
0127C 00000000
01280 00000000
01284 00000000
01288 00000000
0128C 00000000
01290 00000000
01294 00000000
01298 00000000
0129C 00000000
012A0 00000000
012A4 00000000
012A8 00000000
012AC 00000000
012B0 00000000
012B4 00000000
012B8 00000000
012BC 00000000
012C0 00000000
012C4 00000000
012C8 00000000
012CC 00000000
012D0 00000000
012D4 00000000
012D8 00000000
012DC 00000000
012E0 00000000
012E4 00000000
012E8 00000000
012EC 00000000
012F0 00000000
012F4 00000000
012F8 00000000
012FC 00000000
01300 00000000
01304 00000000
01308 00000000
0130C 00000000
01310 00000000
01314 00000000
01318 00000000
0131C 00000000
01320 00000000
01324 00000000
01328 00000000
0132C 00000000
01330 00000000
01334 00000000
01338 00000000
0133C 00000000
01340 00000000
01344 00000000
01348 00000000
0134C 00000000
01350 00000000
01354 00000000
01358 00000000
0135C 00000000
01360 00000000
01364 00000000
01368 00000000
0136C 00000000
01370 00000000
01374 00000000
01378 00000000
0137C 00000000
01380 00000000
01384 00000000
01388 00000000
0138C 00000000
01390 00000000
01394 00000000
01398 00000000
0139C 00000000
013A0 00000000
013A4 00000000
013A8 00000000
013AC 00000000
013B0 00000000
013B4 00000000
013B8 00000000
013BC 00000000
013C0 00000000
013C4 00000000
013C8 00000000
013CC 00000000
013D0 00000000
013D4 00000000
013D8 00000000
013DC 00000000
013E0 00000000
013E4 00000000
013E8 00000000
013EC 00000000
013F0 00000000
013F4 00000000
013F8 00000000
013FC 00000000
01400 00000000
01404 00000000
01408 00000000
0140C 00000000
01410 00000000
01414 00000000
01418 00000000
0141C 00000000
01420 00000000
01424 00000000
01428 00000000
0142C 00000000
01430 00000000
01434 00000000
01438 00000000
0143C 00000000
01440 00000000
01444 00000000
01448 00000000
0144C 00000000
01450 00000000
01454 00000000
01458 00000000
0145C 00000000
01460 00000000
01464 00000000
01468 00000000
0146C 00000000
01470 00000000
01474 00000000
01478 00000000
0147C 00000000
01480 00000000
01484 00000000
01488 00000000
0148C 00000000
01490 00000000
01494 00000000
01498 00000000
0149C 00000000
014A0 00000000
014A4 00000000
014A8 00000000
014AC 00000000
014B0 00000000
014B4 00000000
014B8 00000000
014BC 00000000
014C0 00000000
014C4 00000000
014C8 00000000
014CC 00000000
014D0 00000000
014D4 00000000
014D8 00000000
014DC 00000000
014E0 00000000
014E4 00000000
014E8 00000000
014EC 00000000
014F0 00000000
014F4 00000000
014F8 00000000
014FC 00000000
01500 00000000
01504 00000000
01508 00000000
0150C 00000000
01510 00000000
01514 00000000
01518 00000000
0151C 00000000
01520 00000000
01524 00000000
01528 00000000
0152C 00000000
01530 00000000
01534 00000000
01538 00000000
0153C 00000000
01540 00000000
01544 00000000
01548 00000000
0154C 00000000
01550 00000000
01554 00000000
01558 00000000
0155C 00000000
01560 00000000
01564 00000000
01568 00000000
0156C 00000000
01570 00000000
01574 00000000
01578 00000000
0157C 00000000
01580 00000000
01584 00000000
01588 00000000
0158C 00000000
01590 00000000
01594 00000000
01598 00000000
0159C 00000000
015A0 00000000
015A4 00000000
015A8 00000000
015AC 00000000
015B0 00000000
015B4 00000000
015B8 00000000
015BC 00000000
015C0 00000000
015C4 00000000
015C8 00000000
015CC 00000000
015D0 00000000
015D4 00000000
015D8 00000000
015DC 00000000
015E0 00000000
015E4 00000000
015E8 00000000
015EC 00000000
015F0 00000000
015F4 00000000
015F8 00000000
015FC 00000000
01600 00000000
01604 00000000
01608 00000000
0160C 00000000
01610 00000000
01614 00000000
01618 00000000
0161C 00000000
01620 00000000
01624 00000000
01628 00000000
0162C 00000000
01630 00000000
01634 00000000
01638 00000000
0163C 00000000
01640 00000000
01644 00000000
01648 00000000
0164C 00000000
01650 00000000
01654 00000000
01658 00000000
0165C 00000000
01660 00000000
01664 00000000
01668 00000000
0166C 00000000
01670 00000000
01674 00000000
01678 00000000
0167C 00000000
01680 00000000
01684 00000000
01688 00000000
0168C 00000000
01690 00000000
01694 00000000
01698 00000000
0169C 00000000
016A0 00000000
016A4 00000000
016A8 00000000
016AC 00000000
016B0 00000000
016B4 00000000
016B8 00000000
016BC 00000000
016C0 00000000
016C4 00000000
016C8 00000000
016CC 00000000
016D0 00000000
016D4 00000000
016D8 00000000
016DC 00000000
016E0 00000000
016E4 00000000
016E8 00000000
016EC 00000000
016F0 00000000
016F4 00000000
016F8 00000000
016FC 00000000
01700 00000000
01704 00000000
01708 00000000
0170C 00000000
01710 00000000
01714 00000000
01718 00000000
0171C 00000000
01720 00000000
01724 00000000
01728 00000000
0172C 00000000
01730 00000000
01734 00000000
01738 00000000
0173C 00000000
01740 00000000
01744 00000000
01748 00000000
0174C 00000000
01750 00000000
01754 00000000
01758 00000000
0175C 00000000
01760 00000000
01764 00000000
01768 00000000
0176C 00000000
01770 00000000
01774 00000000
01778 00000000
0177C 00000000
01780 00000000
01784 00000000
01788 00000000
0178C 00000000
01790 00000000
01794 00000000
01798 00000000
0179C 00000000
017A0 00000000
017A4 00000000
017A8 00000000
017AC 00000000
017B0 00000000
017B4 00000000
017B8 00000000
017BC 00000000
017C0 00000000
017C4 00000000
017C8 00000000
017CC 00000000
017D0 00000000
017D4 00000000
017D8 00000000
017DC 00000000
017E0 00000000
017E4 00000000
017E8 00000000
017EC 00000000
017F0 00000000
017F4 00000000
017F8 00000000
017FC 00000000
01800 00000000
01804 00000000
01808 00000000
0180C 00000000
01810 00000000
01814 00000000
01818 00000000
0181C 00000000
01820 00000000
01824 00000000
01828 00000000
0182C 00000000
01830 00000000
01834 00000000
01838 00000000
0183C 00000000
01840 00000000
01844 00000000
01848 00000000
0184C 00000000
01850 00000000
01854 00000000
01858 00000000
0185C 00000000
01860 00000000
01864 00000000
01868 00000000
0186C 00000000
01870 00000000
01874 00000000
01878 00000000
0187C 00000000
01880 00000000
01884 00000000
01888 00000000
0188C 00000000
01890 00000000
01894 00000000
01898 00000000
0189C 00000000
018A0 00000000
018A4 00000000
018A8 00000000
018AC 00000000
018B0 00000000
018B4 00000000
018B8 00000000
018BC 00000000
018C0 00000000
018C4 00000000
018C8 00000000
018CC 00000000
018D0 00000000
018D4 00000000
018D8 00000000
018DC 00000000
018E0 00000000
018E4 00000000
018E8 00000000
018EC 00000000
018F0 00000000
018F4 00000000
018F8 00000000
018FC 00000000
01900 00000000
01904 00000000
01908 00000000
0190C 00000000
01910 00000000
01914 00000000
01918 00000000
0191C 00000000
01920 00000000
01924 00000000
01928 00000000
0192C 00000000
01930 00000000
01934 00000000
01938 00000000
0193C 00000000
01940 00000000
01944 00000000
01948 00000000
0194C 00000000
01950 00000000
01954 00000000
01958 00000000
0195C 00000000
01960 00000000
01964 00000000
01968 00000000
0196C 00000000
01970 00000000
01974 00000000
01978 00000000
0197C 00000000
01980 00000000
01984 00000000
01988 00000000
0198C 00000000
01990 00000000
01994 00000000
01998 00000000
0199C 00000000
019A0 00000000
019A4 00000000
019A8 00000000
019AC 00000000
019B0 00000000
019B4 00000000
019B8 00000000
019BC 00000000
019C0 00000000
019C4 00000000
019C8 00000000
019CC 00000000
019D0 00000000
019D4 00000000
019D8 00000000
019DC 00000000
019E0 00000000
019E4 00000000
019E8 00000000
019EC 00000000
019F0 00000000
019F4 00000000
019F8 00000000
019FC 00000000
01A00 00000000
01A04 00000000
01A08 00000000
01A0C 00000000
01A10 00000000
01A14 00000000
01A18 00000000
01A1C 00000000
01A20 00000000
01A24 00000000
01A28 00000000
01A2C 00000000
01A30 00000000
01A34 00000000
01A38 00000000
01A3C 00000000
01A40 00000000
01A44 00000000
01A48 00000000
01A4C 00000000
01A50 00000000
01A54 00000000
01A58 00000000
01A5C 00000000
01A60 00000000
01A64 00000000
01A68 00000000
01A6C 00000000
01A70 00000000
01A74 00000000
01A78 00000000
01A7C 00000000
01A80 00000000
01A84 00000000
01A88 00000000
01A8C 00000000
01A90 00000000
01A94 00000000
01A98 00000000
01A9C 00000000
01AA0 00000000
01AA4 00000000
01AA8 00000000
01AAC 00000000
01AB0 00000000
01AB4 00000000
01AB8 00000000
01ABC 00000000
01AC0 00000000
01AC4 00000000
01AC8 00000000
01ACC 00000000
01AD0 00000000
01AD4 00000000
01AD8 00000000
01ADC 00000000
01AE0 00000000
01AE4 00000000
01AE8 00000000
01AEC 00000000
01AF0 00000000
01AF4 00000000
01AF8 00000000
01AFC 00000000
01B00 00000000
01B04 00000000
01B08 00000000
01B0C 00000000
01B10 00000000
01B14 00000000
01B18 00000000
01B1C 00000000
01B20 00000000
01B24 00000000
01B28 00000000
01B2C 00000000
01B30 00000000
01B34 00000000
01B38 00000000
01B3C 00000000
01B40 00000000
01B44 00000000
01B48 00000000
01B4C 00000000
01B50 00000000
01B54 00000000
01B58 00000000
01B5C 00000000
01B60 00000000
01B64 00000000
01B68 00000000
01B6C 00000000
01B70 00000000
01B74 00000000
01B78 00000000
01B7C 00000000
01B80 00000000
01B84 00000000
01B88 00000000
01B8C 00000000
01B90 00000000
01B94 00000000
01B98 00000000
01B9C 00000000
01BA0 00000000
01BA4 00000000
01BA8 00000000
01BAC 00000000
01BB0 00000000
01BB4 00000000
01BB8 00000000
01BBC 00000000
01BC0 00000000
01BC4 00000000
01BC8 00000000
01BCC 00000000
01BD0 00000000
01BD4 00000000
01BD8 00000000
01BDC 00000000
01BE0 00000000
01BE4 00000000
01BE8 00000000
01BEC 00000000
01BF0 00000000
01BF4 00000000
01BF8 00000000
01BFC 00000000
01C00 00000000
01C04 00000000
01C08 00000000
01C0C 00000000
01C10 00000000
01C14 00000000
01C18 00000000
01C1C 00000000
01C20 00000000
01C24 00000000
01C28 00000000
01C2C 00000000
01C30 00000000
01C34 00000000
01C38 00000000
01C3C 00000000
01C40 00000000
01C44 00000000
01C48 00000000
01C4C 00000000
01C50 00000000
01C54 00000000
01C58 00000000
01C5C 00000000
01C60 00000000
01C64 00000000
01C68 00000000
01C6C 00000000
01C70 00000000
01C74 00000000
01C78 00000000
01C7C 00000000
01C80 00000000
01C84 00000000
01C88 00000000
01C8C 00000000
01C90 00000000
01C94 00000000
01C98 00000000
01C9C 00000000
01CA0 00000000
01CA4 00000000
01CA8 00000000
01CAC 00000000
01CB0 00000000
01CB4 00000000
01CB8 00000000
01CBC 00000000
01CC0 00000000
01CC4 00000000
01CC8 00000000
01CCC 00000000
01CD0 00000000
01CD4 00000000
01CD8 00000000
01CDC 00000000
01CE0 00000000
01CE4 00000000
01CE8 00000000
01CEC 00000000
01CF0 00000000
01CF4 00000000
01CF8 00000000
01CFC 00000000
01D00 00000000
01D04 00000000
01D08 00000000
01D0C 00000000
01D10 00000000
01D14 00000000
01D18 00000000
01D1C 00000000
01D20 00000000
01D24 00000000
01D28 00000000
01D2C 00000000
01D30 00000000
01D34 00000000
01D38 00000000
01D3C 00000000
01D40 00000000
01D44 00000000
01D48 00000000
01D4C 00000000
01D50 00000000
01D54 00000000
01D58 00000000
01D5C 00000000
01D60 00000000
01D64 00000000
01D68 00000000
01D6C 00000000
01D70 00000000
01D74 00000000
01D78 00000000
01D7C 00000000
01D80 00000000
01D84 00000000
01D88 00000000
01D8C 00000000
01D90 00000000
01D94 00000000
01D98 00000000
01D9C 00000000
01DA0 00000000
01DA4 00000000
01DA8 00000000
01DAC 00000000
01DB0 00000000
01DB4 00000000
01DB8 00000000
01DBC 00000000
01DC0 00000000
01DC4 00000000
01DC8 00000000
01DCC 00000000
01DD0 00000000
01DD4 00000000
01DD8 00000000
01DDC 00000000
01DE0 00000000
01DE4 00000000
01DE8 00000000
01DEC 00000000
01DF0 00000000
01DF4 00000000
01DF8 00000000
01DFC 00000000
01E00 00000000
01E04 00000000
01E08 00000000
01E0C 00000000
01E10 00000000
01E14 00000000
01E18 00000000
01E1C 00000000
01E20 00000000
01E24 00000000
01E28 00000000
01E2C 00000000
01E30 00000000
01E34 00000000
01E38 00000000
01E3C 00000000
01E40 00000000
01E44 00000000
01E48 00000000
01E4C 00000000
01E50 00000000
01E54 00000000
01E58 00000000
01E5C 00000000
01E60 00000000
01E64 00000000
01E68 00000000
01E6C 00000000
01E70 00000000
01E74 00000000
01E78 00000000
01E7C 00000000
01E80 00000000
01E84 00000000
01E88 00000000
01E8C 00000000
01E90 00000000
01E94 00000000
01E98 00000000
01E9C 00000000
01EA0 00000000
01EA4 00000000
01EA8 00000000
01EAC 00000000
01EB0 00000000
01EB4 00000000
01EB8 00000000
01EBC 00000000
01EC0 00000000
01EC4 00000000
01EC8 00000000
01ECC 00000000
01ED0 00000000
01ED4 00000000
01ED8 00000000
01EDC 00000000
01EE0 00000000
01EE4 00000000
01EE8 00000000
01EEC 00000000
01EF0 00000000
01EF4 00000000
01EF8 00000000
01EFC 00000000
01F00 00000000
01F04 00000000
01F08 00000000
01F0C 00000000
01F10 00000000
01F14 00000000
01F18 00000000
01F1C 00000000
01F20 00000000
01F24 00000000
01F28 00000000
01F2C 00000000
01F30 00000000
01F34 00000000
01F38 00000000
01F3C 00000000
01F40 00000000
01F44 00000000
01F48 00000000
01F4C 00000000
01F50 00000000
01F54 00000000
01F58 00000000
01F5C 00000000
01F60 00000000
01F64 00000000
01F68 00000000
01F6C 00000000
01F70 00000000
01F74 00000000
01F78 00000000
01F7C 00000000
01F80 00000000
01F84 00000000
01F88 00000000
01F8C 00000000
01F90 00000000
01F94 00000000
01F98 00000000
01F9C 00000000
01FA0 00000000
01FA4 00000000
01FA8 00000000
01FAC 00000000
01FB0 00000000
01FB4 00000000
01FB8 00000000
01FBC 00000000
01FC0 00000000
01FC4 00000000
01FC8 00000000
01FCC 00000000
01FD0 00000000
01FD4 00000000
01FD8 00000000
01FDC 00000000
01FE0 00000000
01FE4 00000000
01FE8 00000000
01FEC 00000000
01FF0 00000000
01FF4 00000000
01FF8 00000000
01FFC 00000000
02000 134F80A8
02004 827DF1F7
02008 5D8CC00E
0200C 54D1ABD1
02010 5544C423
02014 F341AEA2
02018 8DF4802E
0201C 552C4DAD
02020 B71EF362
02024 A07C007A
02028 0042DEA0
0202C 8F2CE2D2
02030 86EA6144
02034 0B57FAE8
02038 019E3D18
0203C 2D77C7F2
02040 0E56D556
02044 3CEED8FD
02048 55C4C7B0
0204C 23874693
02050 13B85A77
02054 62D75EA2
02058 786AE950
0205C 1768CC46
02060 0AE28557
02064 BA08218F
02068 87A856BC
0206C A5C59F69
02070 5AE807E6
02074 F5D682CE
02078 4269C606
0207C 22E937DC
02080 CF11552C
02084 47AB0D4B
02088 9ED9738B
0208C 890DA732
02090 77DF6811
02094 48B69FCB
02098 1869A3FC
0209C B750DB04
020A0 45470489
020A4 C07EB5E1
020A8 6EBFEC6F
020AC 3B4520FB
020B0 EDDE8175
020B4 2D9AB7B0
020B8 485BBF34
020BC C7FD9FC5
020C0 ADFCEEA7
020C4 01A7EB1F
020C8 40BCBB57
020CC DA515A45
020D0 7D952BF7
020D4 B62A0075
020D8 301A1C6F
020DC 78CD1D3B
020E0 78681E98
020E4 894BDE4B
020E8 49E2EB8B
020EC 3C00D96F
020F0 132BDED4
020F4 C7CFFCE8
020F8 90DE8BAD
020FC 636BD054
02100 9E2887D2
02104 AB29DB4C
02108 A97E194F
0210C 3AE53E8C
02110 516232B1
02114 63F4D39D
02118 5C16D4C8
0211C 9748BB8B
02120 BA46F8E8
02124 14FA79E2
02128 F61F3EE9
0212C 5A36067D
02130 55B66EBD
02134 4D1A9DB7
02138 740A75F0
0213C 1D4CDC9D
02140 E3AED1C7
02144 6F39A5F3
02148 2628EF82
0214C CFA16F4C
02150 A1ACC5DE
02154 A6C31FD7
02158 5036890A
0215C 4E24684D
02160 08596D2A
02164 8D42ED03
02168 878DF413
0216C 484D8922
02170 744A352B
02174 66AB2539
02178 C35AC05A
0217C 88F18F66
02180 73449556
02184 6DC2CBDB
02188 1C96739B
0218C 63A5D786
02190 9666CF63
02194 2902B70C
02198 92EB898B
0219C AFB5EAEB
021A0 21C6B5CE
021A4 691B5006
021A8 6DFE8B38
021AC E097E4C0
021B0 695EB8EE
021B4 F0248310
021B8 631B7F3A
021BC 09D9BE42
021C0 007028C1
021C4 163480A5
021C8 8C950DCF
021CC 4771633C
021D0 D5D8B07C
021D4 99EE8550
021D8 166403B8
021DC 643F6CDB
021E0 8A0961A3
021E4 6467D765
021E8 7E988F7B
021EC 26BE34B1
021F0 4E64E9ED
021F4 26F7ABF8
021F8 FF87BCEB
021FC DC4268A4
02200 171AFC68
02204 13DBC450
02208 19E402F0
0220C 4814D6A9
02210 480B94D6
02214 0EF13D16
02218 46357547
0221C 850E2CD5
02220 5E40F040
02224 EE22E64E
02228 72FCF012
0222C E5FEA644
02230 7A9F2931
02234 B854E2CD
02238 370C03F7
0223C 8D3F8B16
02240 FA21A38D
02244 D5FA1EBC
02248 0AE1AC46
0224C D12DEB1D
02250 1EE3B609
02254 5F6BE50A
02258 62B409F1
0225C B5536564
02260 912C1DF5
02264 36DB3A3D
02268 EE9ADB6E
0226C D37A4329
02270 A2FD0111
02274 30076069
02278 548D33E6
0227C 1858693E
02280 294F7512
02284 4BEB3037
02288 5E1FEC73
0228C 61EAD9EE
02290 78A6325C
02294 96609EEB
02298 718C3053
0229C 36058AA0
022A0 E1866197
022A4 AF982256
022A8 013F147B
022AC ACA60416
022B0 1B9747CF
022B4 5207B28D
022B8 0FA536C1
022BC 6D4205EA
022C0 A63DA550
022C4 AFD79CFB
022C8 BEF181E7
022CC F3E9BA57
022D0 0F5EF6E4
022D4 C6FF7E43
022D8 FC2E8F8D
022DC 504F1604
022E0 E06C3899
022E4 C4D8703A
022E8 838F130F
022EC 339FECFD
022F0 5C6DA669
022F4 76979139
022F8 B345D5F1
022FC F2EE779E
02300 B8772539
02304 5F437D47
02308 EB2FA479
0230C 80E5F712
02310 F1CAF091
02314 B535EBE3
02318 07B08970
0231C 5BB7D3C3
02320 90DFEA9D
02324 6ED520D5
02328 5450E9FD
0232C 36752F3E
02330 E9793EAF
02334 7ACD0721
02338 F604B0E9
0233C DD639400
02340 1F3E5EE0
02344 553C01D7
02348 23B6F9EA
0234C 8EECC44A
02350 481C1E77
02354 52962D79
02358 3E384A32
0235C 167932CA
02360 E818A177
02364 F2941BB6
02368 B7D124D0
0236C C0CD5065
02370 24058D03
02374 D01FEF3C
02378 7425CA43
0237C D575955B
02380 FA92DD77
02384 93E8B79F
02388 9FBE8080
0238C 0DDDED5C
02390 1DDEFDBE
02394 1BF5819D
02398 3E6186E8
0239C 98337D27
023A0 29C5D6B2
023A4 864C7A11
023A8 2FC8978C
023AC 04EA1ADE
023B0 882ED5F8
023B4 F41E34B8
023B8 289EC79E
023BC CC030954
023C0 E2568723
023C4 64ACD5EF
023C8 B595D9C6
023CC 3706A7EC
023D0 F7EAB600
023D4 0E2D4CED
023D8 417BF4E8
023DC 69308DE6
023E0 9BF84257
023E4 9F401E8A
023E8 0A6E98E8
023EC B00B558D
023F0 E8CB354C
023F4 1237B760
023F8 8364A22C
023FC 74A3C982
02400 53668B6C
02404 370FDBE1
02408 8D010C49
0240C 032AAA80
02410 4B45362F
02414 3DAC022C
02418 8B4216D7
0241C 4CF74280
02420 C20A31C6
02424 37FAD1A2
02428 A189DA3C
0242C E08DDDF2
02430 C8038C44
02434 79AD4BE3
02438 A9496C2F
0243C 90BA6CAC
02440 C0F8CF51
02444 1043F839
02448 571080DD
0244C 1B4BDC74
02450 C1C2379E
02454 E2EFDB53
02458 9FEE7666
0245C A90AD3BA
02460 07ECB735
02464 D8BBD2BE
02468 194930BC
0246C 6E1A1E72
02470 E1851A4F
02474 19BD875F
02478 FC9BAE89
0247C BC607AAD
02480 55B51BAF
02484 235B06CC
02488 15437EE3
0248C 264BC86E
02490 18CE871F
02494 AC337426
02498 151C6195
0249C 024AA185
024A0 DE960C9D
024A4 D91EA448
024A8 E14D91E7
024AC 6A7F4146
024B0 0FF29AED
024B4 2A9A7D34
024B8 586B1BB2
024BC 3447D56B
024C0 43BE235D
024C4 C2EB91E7
024C8 35C5098B
024CC 2D76D478
024D0 1BA57E0F
024D4 E9013A92
024D8 755BBDCE
024DC 0BA3CC05
024E0 867E550C
024E4 5B15DA85
024E8 C6ACFA73
024EC 96D83B6B
024F0 B779D50F
024F4 6B522549
024F8 4700DC6D
024FC FE5C2B98
02500 8B3C8105
02504 20889464
02508 BCF5A9A8
0250C 8E076FE5
02510 A27FAC18
02514 59427C97
02518 81C97F26
0251C 49C6FDBF
02520 0E64C84E
02524 DA7146CD
02528 91EE76A4
0252C 4C244B45
02530 11A68BD1
02534 73BC5882
02538 62AC05AC
0253C D2AC4C8E
02540 8B8914E4
02544 2E383DB4
02548 722714B1
0254C 740AE2EA
02550 D1B5670C
02554 7A87B4BF
02558 BA9A5F60
0255C C68B6E79
02560 757BA673
02564 F6A5EE74
02568 E0191853
0256C 6D791EEE
02570 79ECC192
02574 4190F90E
02578 EC40C95E
0257C DBDFB812
02580 9FA7E731
02584 C13E3EE1
02588 6C8749C3
0258C 0FE5BD1E
02590 53176138
02594 79A6ED35
02598 EE9EAFE0
0259C 1497B8EB
025A0 08BD16DC
025A4 FE908870
025A8 590B8ED9
025AC 7445BE53
025B0 58B9AF66
025B4 E52E6C15
025B8 B5718DFB
025BC 5C49A721
025C0 075BE895
025C4 66E71DE3
025C8 09F86813
025CC 72B4083C
025D0 9A17687A
025D4 E47E4F6F
025D8 A64B641B
025DC 2AF5A48C
025E0 712014DF
025E4 DAA4E773
025E8 5C6D8962
025EC 2969A9D1
025F0 36FE6576
025F4 80B7BBB2
025F8 838E03FB
025FC 215C067A
02600 77A68F44
02604 68004199
02608 ED7AABAE
0260C A330C929
02610 0AC66609
02614 1A3220F5
02618 B3331D5D
0261C E8C53DC7
02620 1108E5AE
02624 979189FC
02628 A57C3DC4
0262C 28D06378
02630 D3A63D38
02634 90CCB8DF
02638 C7F8A626
0263C 23370A55
02640 1D68EF69
02644 DE7D0D98
02648 96FC6EE5
0264C 86CB6C88
02650 6992E143
02654 EB4FBA58
02658 43D4573F
0265C 59D87B4C
02660 F6472250
02664 45415830
02668 9CC706B7
0266C EAD5331A
02670 7AA377C3
02674 893F30FF
02678 3E9006D9
0267C 37A19CDE
02680 A5987A75
02684 A0F65977
02688 536B3A02
0268C A2290BAD
02690 605B3D12
02694 65D89C36
02698 A1CE27BB
0269C 8529E5C8
026A0 91BB4140
026A4 B8415B56
026A8 2CCD2265
026AC 7DBA1A3C
026B0 0017C6AA
026B4 18A59449
026B8 11849493
026BC 5BF100B6
026C0 3DFC9D0C
026C4 63AAA4E6
026C8 7FF5469B
026CC 9CC26593
026D0 D49B90A8
026D4 94E40901
026D8 AC73CB8E
026DC 7C65D561
026E0 48A19420
026E4 EBFD56F8
026E8 58A2CC76
026EC 092B73EF
026F0 82958281
026F4 641E3511
026F8 74B2E289
026FC 0011FB37
02700 BDF0E18D
02704 9C325F0F
02708 0914C58D
0270C C5972EE3
02710 B88A1545
02714 C6B06D65
02718 DE702DBE
0271C 1C574E2A
02720 729CB63C
02724 B61C4A74
02728 7895090A
0272C 7EA406CE
02730 E2D3A3E8
02734 0573C871
02738 4751A4E0
0273C ACE18E36
02740 12B69121
02744 78D3C86A
02748 6F108418
0274C 97585BE0
02750 F5B83AC8
02754 470C2465
02758 87437711
0275C CB7FAD3F
02760 A831B283
02764 2DA11914
02768 686293FE
0276C C9F05C51
02770 7D4FCFB3
02774 F8A976E1
02778 F24E6685
0277C 1DFECB6D
02780 7C878C68
02784 9352B314
02788 2A6B3734
0278C 3502CCAD
02790 F6D5B341
02794 ACE73046
02798 11154A9F
0279C 759926C2
027A0 4238007F
027A4 65F0AAE4
027A8 4BF99489
027AC DB32673D
027B0 858C6489
027B4 DF92FA2A
027B8 1554BE3E
027BC BDE62F7B
027C0 5F2764B4
027C4 3D27950B
027C8 5002B60C
027CC 20CCAD95
027D0 73B612BA
027D4 9BB3AA07
027D8 3D219299
027DC 537E349E
027E0 6C0AC135
027E4 1C245EF1
027E8 58C3D9FC
027EC 5F89F3CD
027F0 6D314D38
027F4 BA7090A8
027F8 B870FFEC
027FC 78D426D4
02800 936DC57B
02804 79364DD5
02808 6FE095F6
0280C 3AE37B64
02810 1EE372E3
02814 5E2F1A3E
02818 3B2B559A
0281C 560141A8
02820 3F552EC2
02824 0BFF5CE9
02828 254E38AA
0282C 689817D2
02830 600D5B81
02834 7145E182
02838 5EDDBCD4
0283C D013DEB6
02840 A8C74BCE
02844 ECC6A35E
02848 29A39E17
0284C D9385B13
02850 1769C1F9
02854 EE738B20
02858 8BAE411B
0285C 0754262C
02860 41769E01
02864 F6739D19
02868 39EF82BC
0286C C5572C77
02870 C16606D3
02874 9B271392
02878 4CA0817B
0287C 7D9E6CDB
02880 9872191D
02884 3642C1CA
02888 55D23D27
0288C 97D96907
02890 89E47F81
02894 B8601BF1
02898 DB6F33D0
0289C A6541797
028A0 2243E9F4
028A4 C914C6DF
028A8 F91A1F49
028AC 93DA468E
028B0 72736E18
028B4 DE903B27
028B8 28A8AEF2
028BC 55F59622
028C0 1CCC299C
028C4 AC8951D9
028C8 7165C7DA
028CC 217C9AE7
028D0 81B9B5C0
028D4 A8A686CD
028D8 0C2C46BB
028DC 898BCF76
028E0 BFED65DC
028E4 29300815
028E8 D6757E07
028EC 4BCC4F8E
028F0 6AB7796B
028F4 193DA6F1
028F8 1BBEFA02
028FC 595AF24F
02900 A4CA0B8F
02904 26B221EB
02908 8CBB49BB
0290C B129505D
02910 55429B40
02914 178FF9EE
02918 FEEF529D
0291C 45D6259D
02920 51C6FFE0
02924 63628B90
02928 41DB1C5A
0292C C31EFDF7
02930 6C674389
02934 5711DD17
02938 8A62CDAC
0293C B5C20736
02940 888B4D3C
02944 3E87D42A
02948 81C7D517
0294C CCC07F6C
02950 3F331E4F
02954 A3488DB5
02958 2111D8AE
0295C 6ED1ED76
02960 40777668
02964 7FF2217C
02968 D75E2DEB
0296C CCEC2451
02970 C45CB9C5
02974 3BB02D30
02978 C805817A
0297C 47E9C45B
02980 AA19198D
02984 69E284CC
02988 A05CB56C
0298C 1AD940EB
02990 5E8F3283
02994 B6841C21
02998 D8EAB8B7
0299C F7F5E520
029A0 459F9836
029A4 C94D1F42
029A8 76D3B587
029AC 4D4148DD
029B0 251FDC78
029B4 4D45EC78
029B8 F3188E35
029BC 0934E09B
029C0 A2F94C2E
029C4 8D80DFA2
029C8 C0CD4B19
029CC 825A59F8
029D0 DCEE9F6A
029D4 8473BA33
029D8 D6ACE2A2
029DC 8CB34BF4
029E0 5CA6EB8F
029E4 80CD1805
029E8 6DEBC000
029EC 7B6C5C84
029F0 322AB5B4
029F4 4E6D9D82
029F8 C16363C9
029FC 2AB13DCF
02A00 AFBE860C
02A04 02E3F3EF
02A08 080BF7F5
02A0C C14440F1
02A10 B1E6ED30
02A14 C70949BE
02A18 F9353F75
02A1C 9D9E209E
02A20 80F30FB9
02A24 44F17457
02A28 DAA2C53C
02A2C 775E109D
02A30 CFAEC571
02A34 B5B110A9
02A38 E16EC2AA
02A3C 180CE993
02A40 488FA160
02A44 49CF26D2
02A48 672B1819
02A4C 067454BA
02A50 4990FA6A
02A54 7AD3C44A
02A58 0059F826
02A5C 7DC9DBC6
02A60 6BEF4C39
02A64 3715FE04
02A68 674368C7
02A6C ACD512CD
02A70 FBB1CE2B
02A74 2E707301
02A78 1FAFC8FD
02A7C 8D085B4B
02A80 E58D621A
02A84 C3F50323
02A88 72E26558
02A8C A099A0BB
02A90 260BDD5E
02A94 C5BFC7E0
02A98 D02D8917
02A9C 80563386
02AA0 1DB74892
02AA4 5A42D117
02AA8 B657490A
02AAC 15ED9B8C
02AB0 7392E394
02AB4 5B628511
02AB8 524890C9
02ABC D557DABA
02AC0 82F0E0DB
02AC4 9D96A497
02AC8 AB2DA888
02ACC 5856E010
02AD0 D8480B79
02AD4 11004397
02AD8 AE5607DD
02ADC 1193E30F
02AE0 2C116B1E
02AE4 FF49A948
02AE8 F2E5AE12
02AEC F774028F
02AF0 4376F65B
02AF4 B5DE9F1E
02AF8 481928C9
02AFC CA4C8D79
02B00 D42E3BE4
02B04 10CE937D
02B08 B97425A9
02B0C D5103998
02B10 0040EF3A
02B14 55DDED5D
02B18 5CE7957E
02B1C A402DEBF
02B20 6D04D590
02B24 7A599A28
02B28 80306CE9
02B2C 0E45F8C1
02B30 ADA43889
02B34 22C01379
02B38 7E92A28D
02B3C 1DA4FA72
02B40 08E67039
02B44 92116557
02B48 339861F6
02B4C CA9B6F5D
02B50 D23D82F3
02B54 7B27348B
02B58 1DFA48FA
02B5C 30898D64
02B60 445F6B7B
02B64 A9591921
02B68 B5798F7B
02B6C B03B63D1
02B70 1C87454A
02B74 C6D5E225
02B78 7233A97B
02B7C E3DD1C5B
02B80 F1952896
02B84 B4EED9FF
02B88 D1AA4467
02B8C EC65E3A1
02B90 E953FD87
02B94 E69309DA
02B98 D0508293
02B9C CF8A70C0
02BA0 9B37AD8A
02BA4 497DF703
02BA8 7C09A61B
02BAC 8DF58BF9
02BB0 7B9771DF
02BB4 291DD566
02BB8 5E6AFC8C
02BBC 7E3A3D3A
02BC0 66D6D375
02BC4 36F02511
02BC8 6F12EFD3
02BCC C4B424F2
02BD0 839E2528
02BD4 DDE91289
02BD8 96F45760
02BDC 4C368088
02BE0 7B6416C1
02BE4 9A53A361
02BE8 2BD2C728
02BEC 26232BFF
02BF0 DCD5AEEC
02BF4 FF871D6B
02BF8 A3DA6824
02BFC 2674F8D2
02C00 A71C7D32
02C04 AB0A384C
02C08 F626FE72
02C0C 228F7799
02C10 516B0048
02C14 588339A6
02C18 5652C2A5
02C1C 0CC8FAE4
02C20 B63CCA5D
02C24 23A2D62C
02C28 E1D30227
02C2C 44E1DB79
02C30 3D41DECD
02C34 63A209E4
02C38 D7B4A685
02C3C 2EA44984
02C40 E5CBBEE0
02C44 5196ADE1
02C48 E1AD13B7
02C4C E31D0DF8
02C50 98CE212E
02C54 CF3128EA
02C58 E4B7DA1D
02C5C 0E08BC83
02C60 2D352476
02C64 84F8C1BD
02C68 AC6989AB
02C6C CF212E7F
02C70 E8FB9B1F
02C74 D2030474
02C78 8AAD6FB0
02C7C 47DC5C59
02C80 3529B089
02C84 0D1CB31A
02C88 9B53E625
02C8C F702A91F
02C90 6079BE2E
02C94 7F68252A
02C98 CECCFA6A
02C9C 75E00E15
02CA0 20327E60
02CA4 D54062E0
02CA8 16592434
02CAC 0747C174
02CB0 08CBA000
02CB4 CC7608AB
02CB8 A1E2AC59
02CBC 04878051
02CC0 6FC68D9B
02CC4 7C260159
02CC8 42A189A7
02CCC 5A57A721
02CD0 4AE0FCB6
02CD4 CAB3EC57
02CD8 F04C25B1
02CDC D825AC7A
02CE0 9DB5B1E6
02CE4 3334832F
02CE8 BE6BDC07
02CEC 90A8D40E
02CF0 1CCB4542
02CF4 5551A387
02CF8 A440361F
02CFC ACDEF3F8
02D00 65405231
02D04 64F52DB0
02D08 15FDC2ED
02D0C 4E85CBC6
02D10 C3CA3DFE
02D14 4F33713E
02D18 F92EC2F7
02D1C 368F24DF
02D20 F7D91E9B
02D24 5DCA4AAA
02D28 3DC7297B
02D2C AEF9B722
02D30 A7504BC0
02D34 76859290
02D38 BDBF5428
02D3C 01F4D436
02D40 02E5EAEE
02D44 9287D389
02D48 86038BA0
02D4C 605E0557
02D50 F3EA690E
02D54 2C055AC5
02D58 5DB09DDF
02D5C AF41649E
02D60 675A53B8
02D64 67683C04
02D68 764DAF52
02D6C 1DB440C8
02D70 AF1F0B0C
02D74 F4CB18E3
02D78 6733DF81
02D7C 5BC57211
02D80 7188F271
02D84 DAD215C5
02D88 D1DBF534
02D8C 30204E18
02D90 801EFAEF
02D94 DCD6F9FE
02D98 9AF762EE
02D9C 6D577BC5
02DA0 25EEFD02
02DA4 0E0C4866
02DA8 B0E54772
02DAC C5FC71BE
02DB0 3F10BE9E
02DB4 4A07564A
02DB8 EE72B18F
02DBC 006D5565
02DC0 DE842B12
02DC4 F640F03A
02DC8 9B374558
02DCC 4AB59A10
02DD0 EBD76D92
02DD4 ABAB2D4B
02DD8 D4D6EA2B
02DDC EA371010
02DE0 0987A776
02DE4 C665D191
02DE8 E3C4CF89
02DEC 01941B8C
02DF0 6A00912B
02DF4 98BECCC1
02DF8 7B282994
02DFC 4F683E58
02E00 DA4D89A9
02E04 AD022CC7
02E08 033A8EAD
02E0C 1D41CACE
02E10 E352E695
02E14 0387DFE9
02E18 0082B991
02E1C ACB85DC4
02E20 E4A37B3E
02E24 78588648
02E28 CFFF1F44
02E2C D0A5F40A
02E30 E0ED3AF3
02E34 80029B82
02E38 FB7B909D
02E3C 8031D74B
02E40 077A3BBB
02E44 8DBAE52E
02E48 A768946C
02E4C F02D5362
02E50 34861AC1
02E54 7C0F9AD5
02E58 F755E6BE
02E5C 51A01DFB
02E60 ABE70092
02E64 839ED2E8
02E68 0FC5411B
02E6C C0627692
02E70 427BE774
02E74 43C6EA3B
02E78 4D53CE32
02E7C CBFB7F1D
02E80 549EF09E
02E84 2844245E
02E88 2354A467
02E8C 9BAA8563
02E90 FD0A8AD4
02E94 EABB06EE
02E98 6FD09700
02E9C 34890893
02EA0 2716BFE2
02EA4 687AE33C
02EA8 D4738B53
02EAC A8F97C66
02EB0 86F3428E
02EB4 A88455B0
02EB8 F92C0975
02EBC 2C4C7750
02EC0 E1AB0F4F
02EC4 6FB186C8
02EC8 A9682ED5
02ECC FF00D7F6
02ED0 4453B698
02ED4 2737441D
02ED8 DDC6FE07
02EDC CD012268
02EE0 88CB9658
02EE4 80766364
02EE8 9C6D04DE
02EEC C375E7D6
02EF0 911D39F6
02EF4 EF854B99
02EF8 9BDA8EEC
02EFC 329D0AC7
02F00 A528F9EC
02F04 DAC2A6CB
02F08 66DDD3A6
02F0C D75C8F49
02F10 2CB42890
02F14 823C6BA4
02F18 5250C608
02F1C AEC2BF5C
02F20 9BD3CEEC
02F24 A2613582
02F28 2F3E7AF7
02F2C C4C558C8
02F30 E355A763
02F34 30FCC69A
02F38 C08FC201
02F3C 149886E8
02F40 358D0F59
02F44 628FE056
02F48 DBCA1423
02F4C 2E6F21E9
02F50 55338585
02F54 270F160B
02F58 B73A195D
02F5C 03346AD7
02F60 9E11FAE4
02F64 38207D27
02F68 8F9D4FD2
02F6C 281C4DA2
02F70 C0F7F635
02F74 33F1B34D
02F78 9154CF3A
02F7C 6F856C96
02F80 67338A0E
02F84 90EB1C43
02F88 3CDCCC2E
02F8C 8AD0DCEB
02F90 BDFF0F43
02F94 E9ABD981
02F98 84F8BCFA
02F9C 2BEA928C
02FA0 DD251FF5
02FA4 2150FC40
02FA8 05078646
02FAC 11DC3EAC
02FB0 73F40847
02FB4 FEB46D5E
02FB8 1A2A5109
02FBC F11F9B83
02FC0 8D16A7A9
02FC4 A2BD220C
02FC8 EE962CE8
02FCC DBE43D2A
02FD0 3EA67426
02FD4 62987020
02FD8 791F2780
02FDC F1B4B99C
02FE0 C93A0270
02FE4 F67E98A2
02FE8 1D73ABB5
02FEC 09955073
02FF0 7B418FDC
02FF4 02D89A35
02FF8 7140B016
02FFC 26220F8A
03000 1E3542C3
03004 B0CC32DB
